Base path: C:/Program Files/Unity/Editor/Data
Pipe name: \\.\pipe\UnityShaderCompiler-64bit-4-5224
Cmd: getPlatforms
Cmd: compileSnippet
  api=5 type=0 insize=886 outsize=7792 kw=DIRECTIONAL SHADOWS_SCREEN LIGHTMAP_OFF DIRLIGHTMAP_OFF DYNAMICLIGHTMAP_ON ok=1
Cmd: compileSnippet
  api=5 type=0 insize=886 outsize=7792 kw=DIRECTIONAL SHADOWS_SCREEN LIGHTMAP_OFF DIRLIGHTMAP_OFF DYNAMICLIGHTMAP_ON VERTEXLIGHT_ON ok=1
Cmd: compileSnippet
  api=5 type=0 insize=886 outsize=7806 kw=DIRECTIONAL SHADOWS_SCREEN SHADOWS_NATIVE LIGHTMAP_OFF DIRLIGHTMAP_OFF DYNAMICLIGHTMAP_ON VERTEXLIGHT_ON ok=1
Cmd: compileSnippet
  api=5 type=0 insize=886 outsize=8142 kw=DIRECTIONAL SHADOWS_SCREEN LIGHTMAP_OFF DIRLIGHTMAP_OFF DYNAMICLIGHTMAP_ON FOG_LINEAR ok=1
Cmd: compileSnippet
  api=5 type=0 insize=886 outsize=8142 kw=DIRECTIONAL SHADOWS_SCREEN LIGHTMAP_OFF DIRLIGHTMAP_OFF DYNAMICLIGHTMAP_ON FOG_LINEAR VERTEXLIGHT_ON ok=1
Cmd: compileSnippet
  api=5 type=0 insize=886 outsize=8156 kw=DIRECTIONAL SHADOWS_SCREEN SHADOWS_NATIVE LIGHTMAP_OFF DIRLIGHTMAP_OFF DYNAMICLIGHTMAP_ON FOG_LINEAR VERTEXLIGHT_ON ok=1
Cmd: compileSnippet
  api=5 type=1 insize=886 outsize=6 kw=DIRECTIONAL SHADOWS_OFF LIGHTMAP_OFF DIRLIGHTMAP_OFF DYNAMICLIGHTMAP_ON ok=1
Cmd: compileSnippet
  api=5 type=1 insize=886 outsize=6 kw=DIRECTIONAL SHADOWS_SCREEN SHADOWS_NATIVE LIGHTMAP_OFF DIRLIGHTMAP_OFF DYNAMICLIGHTMAP_OFF ok=1
Cmd: compileSnippet
  api=5 type=1 insize=886 outsize=6 kw=DIRECTIONAL SHADOWS_SCREEN LIGHTMAP_OFF DIRLIGHTMAP_OFF DYNAMICLIGHTMAP_OFF FOG_LINEAR ok=1
Cmd: compileSnippet
  api=5 type=1 insize=886 outsize=6 kw=DIRECTIONAL SHADOWS_SCREEN LIGHTMAP_OFF DIRLIGHTMAP_OFF DYNAMICLIGHTMAP_ON FOG_LINEAR ok=1
Cmd: compileSnippet
  api=5 type=0 insize=816 outsize=5730 kw=DIRECTIONAL SHADOWS_OFF ok=1
Cmd: compileSnippet
  api=5 type=0 insize=816 outsize=7418 kw=SPOT SHADOWS_DEPTH SHADOWS_NATIVE ok=1
Cmd: compileSnippet
  api=5 type=0 insize=816 outsize=6374 kw=DIRECTIONAL SHADOWS_SCREEN SHADOWS_NATIVE ok=1
Cmd: compileSnippet
  api=5 type=0 insize=816 outsize=6069 kw=DIRECTIONAL SHADOWS_OFF FOG_LINEAR ok=1
Cmd: compileSnippet
  api=5 type=0 insize=816 outsize=7818 kw=SPOT SHADOWS_DEPTH FOG_LINEAR SHADOWS_NONATIVE ok=1
Cmd: compileSnippet
  api=5 type=0 insize=816 outsize=7629 kw=POINT_COOKIE SHADOWS_CUBE FOG_LINEAR ok=1
Cmd: compileSnippet
  api=5 type=1 insize=816 outsize=6 kw=SPOT SHADOWS_OFF ok=1
Cmd: compileSnippet
  api=5 type=1 insize=816 outsize=6 kw=SPOT SHADOWS_DEPTH SHADOWS_NONATIVE ok=1
Cmd: compileSnippet
  api=5 type=1 insize=816 outsize=6 kw=DIRECTIONAL_COOKIE SHADOWS_SCREEN ok=1
Cmd: compileSnippet
  api=5 type=1 insize=816 outsize=6 kw=DIRECTIONAL SHADOWS_SCREEN SHADOWS_NATIVE ok=1
Cmd: compileSnippet
  api=5 type=1 insize=816 outsize=6 kw=DIRECTIONAL SHADOWS_OFF FOG_LINEAR ok=1
Cmd: compileSnippet
  api=5 type=1 insize=816 outsize=6 kw=POINT_COOKIE SHADOWS_OFF FOG_LINEAR ok=1
Cmd: compileSnippet
  api=5 type=1 insize=816 outsize=6 kw=SPOT SHADOWS_DEPTH SHADOWS_NATIVE FOG_LINEAR ok=1
Cmd: compileSnippet
  api=5 type=1 insize=816 outsize=6 kw=POINT SHADOWS_CUBE FOG_LINEAR ok=1
Cmd: compileSnippet
  api=5 type=1 insize=600 outsize=6 kw=SHADOWS_CUBE ok=1
Cmd: compileSnippet
  api=5 type=0 insize=2634 outsize=8122 kw=DIRECTIONAL SHADOWS_OFF SUNSHINE_DISABLED ok=1
Cmd: compileSnippet
  api=5 type=0 insize=2634 outsize=8774 kw=DIRECTIONAL SHADOWS_SCREEN SUNSHINE_DISABLED ok=1
Cmd: compileSnippet
  api=5 type=0 insize=2634 outsize=4889 kw=POINT_COOKIE SHADOWS_CUBE SUNSHINE_DISABLED ok=1
Cmd: compileSnippet
  api=5 type=0 insize=2634 outsize=5799 kw=POINT SHADOWS_CUBE SHADOWS_SOFT SUNSHINE_DISABLED ok=1
Cmd: compileSnippet
  api=5 type=0 insize=2634 outsize=16987 kw=DIRECTIONAL SHADOWS_OFF SUNSHINE_FILTER_PCF_4x4 ok=1
Cmd: compileSnippet
  api=5 type=0 insize=2634 outsize=5517 kw=SPOT SHADOWS_DEPTH SHADOWS_NATIVE SUNSHINE_FILTER_PCF_4x4 ok=1
Cmd: compileSnippet
  api=5 type=0 insize=2634 outsize=4889 kw=POINT_COOKIE SHADOWS_CUBE SUNSHINE_FILTER_PCF_4x4 ok=1
Cmd: compileSnippet
  api=5 type=0 insize=2634 outsize=5799 kw=POINT SHADOWS_CUBE SHADOWS_SOFT SUNSHINE_FILTER_PCF_4x4 ok=1
Cmd: compileSnippet
  api=5 type=0 insize=2634 outsize=4021 kw=POINT SHADOWS_OFF SUNSHINE_FILTER_PCF_3x3 ok=1
Cmd: compileSnippet
  api=5 type=0 insize=2634 outsize=4396 kw=SPOT SHADOWS_OFF SUNSHINE_FILTER_PCF_3x3 ok=1
Cmd: compileSnippet
  api=5 type=0 insize=2634 outsize=5517 kw=SPOT SHADOWS_DEPTH SHADOWS_NATIVE SUNSHINE_FILTER_PCF_3x3 ok=1
Cmd: compileSnippet
  api=5 type=0 insize=2634 outsize=4889 kw=POINT_COOKIE SHADOWS_CUBE SUNSHINE_FILTER_PCF_3x3 ok=1
Cmd: compileSnippet
  api=5 type=0 insize=2634 outsize=5799 kw=POINT SHADOWS_CUBE SHADOWS_SOFT SUNSHINE_FILTER_PCF_3x3 ok=1
Cmd: compileSnippet
  api=5 type=0 insize=2634 outsize=4021 kw=POINT SHADOWS_OFF SUNSHINE_FILTER_PCF_2x2 ok=1
Cmd: compileSnippet
  api=5 type=0 insize=2634 outsize=4396 kw=SPOT SHADOWS_OFF SUNSHINE_FILTER_PCF_2x2 ok=1
Cmd: compileSnippet
  api=5 type=0 insize=2634 outsize=5517 kw=SPOT SHADOWS_DEPTH SHADOWS_NATIVE SUNSHINE_FILTER_PCF_2x2 ok=1
Cmd: compileSnippet
  api=5 type=0 insize=2634 outsize=4889 kw=POINT_COOKIE SHADOWS_CUBE SUNSHINE_FILTER_PCF_2x2 ok=1
Cmd: compileSnippet
  api=5 type=0 insize=2634 outsize=6119 kw=POINT_COOKIE SHADOWS_CUBE SHADOWS_SOFT SUNSHINE_FILTER_PCF_2x2 ok=1
Cmd: compileSnippet
  api=5 type=0 insize=2634 outsize=8122 kw=DIRECTIONAL SHADOWS_OFF SUNSHINE_FILTER_HARD ok=1
Cmd: compileSnippet
  api=5 type=0 insize=2634 outsize=5457 kw=SPOT SHADOWS_DEPTH SHADOWS_NONATIVE SUNSHINE_FILTER_HARD ok=1
Cmd: compileSnippet
  api=5 type=0 insize=2634 outsize=4569 kw=POINT SHADOWS_CUBE SUNSHINE_FILTER_HARD ok=1
Cmd: compileSnippet
  api=5 type=0 insize=2634 outsize=5799 kw=POINT SHADOWS_CUBE SHADOWS_SOFT SUNSHINE_FILTER_HARD ok=1
Cmd: compileSnippet
  api=5 type=0 insize=2634 outsize=3912 kw=POINT SHADOWS_OFF UNITY_HDR_ON SUNSHINE_DISABLED ok=1
Cmd: compileSnippet
  api=5 type=0 insize=2634 outsize=8354 kw=DIRECTIONAL_COOKIE SHADOWS_OFF UNITY_HDR_ON SUNSHINE_DISABLED ok=1
Cmd: compileSnippet
  api=5 type=0 insize=2634 outsize=8974 kw=DIRECTIONAL_COOKIE SHADOWS_SCREEN UNITY_HDR_ON SUNSHINE_DISABLED ok=1
Cmd: compileSnippet
  api=5 type=0 insize=2634 outsize=6199 kw=SPOT SHADOWS_DEPTH SHADOWS_SOFT SHADOWS_NATIVE UNITY_HDR_ON SUNSHINE_DISABLED ok=1
Cmd: compileSnippet
  api=5 type=0 insize=2634 outsize=8974 kw=DIRECTIONAL_COOKIE SHADOWS_SCREEN SHADOWS_NATIVE UNITY_HDR_ON SUNSHINE_DISABLED ok=1
Cmd: compileSnippet
  api=5 type=0 insize=2634 outsize=4231 kw=POINT_COOKIE SHADOWS_OFF UNITY_HDR_ON SUNSHINE_FILTER_PCF_4x4 ok=1
Cmd: compileSnippet
  api=5 type=0 insize=2634 outsize=17545 kw=DIRECTIONAL SHADOWS_SCREEN UNITY_HDR_ON SUNSHINE_FILTER_PCF_4x4 ok=1
Cmd: compileSnippet
  api=5 type=0 insize=2634 outsize=6427 kw=SPOT SHADOWS_DEPTH SHADOWS_SOFT UNITY_HDR_ON SHADOWS_NONATIVE SUNSHINE_FILTER_PCF_4x4 ok=1
Cmd: compileSnippet
  api=5 type=0 insize=2634 outsize=17545 kw=DIRECTIONAL SHADOWS_SCREEN SHADOWS_NATIVE UNITY_HDR_ON SUNSHINE_FILTER_PCF_4x4 ok=1
Cmd: compileSnippet
  api=5 type=0 insize=2634 outsize=4286 kw=SPOT SHADOWS_OFF UNITY_HDR_ON SUNSHINE_FILTER_PCF_3x3 ok=1
Cmd: compileSnippet
  api=5 type=0 insize=2634 outsize=5405 kw=SPOT SHADOWS_DEPTH SHADOWS_NATIVE UNITY_HDR_ON SUNSHINE_FILTER_PCF_3x3 ok=1
Cmd: compileSnippet
  api=5 type=0 insize=2634 outsize=4779 kw=POINT_COOKIE SHADOWS_CUBE UNITY_HDR_ON SUNSHINE_FILTER_PCF_3x3 ok=1
Cmd: compileSnippet
  api=5 type=0 insize=2634 outsize=6009 kw=POINT_COOKIE SHADOWS_CUBE SHADOWS_SOFT UNITY_HDR_ON SUNSHINE_FILTER_PCF_3x3 ok=1
Cmd: compileSnippet
  api=5 type=0 insize=2634 outsize=10018 kw=DIRECTIONAL SHADOWS_OFF UNITY_HDR_ON SUNSHINE_FILTER_PCF_2x2 ok=1
Cmd: compileSnippet
  api=5 type=0 insize=2634 outsize=5345 kw=SPOT SHADOWS_DEPTH UNITY_HDR_ON SHADOWS_NONATIVE SUNSHINE_FILTER_PCF_2x2 ok=1
Cmd: compileSnippet
  api=5 type=0 insize=2634 outsize=10979 kw=DIRECTIONAL_COOKIE SHADOWS_SCREEN UNITY_HDR_ON SUNSHINE_FILTER_PCF_2x2 ok=1
Cmd: compileSnippet
  api=5 type=0 insize=2634 outsize=5690 kw=POINT SHADOWS_CUBE SHADOWS_SOFT UNITY_HDR_ON SUNSHINE_FILTER_PCF_2x2 ok=1
Cmd: compileSnippet
  api=5 type=0 insize=2634 outsize=3912 kw=POINT SHADOWS_OFF UNITY_HDR_ON SUNSHINE_FILTER_HARD ok=1
Cmd: compileSnippet
  api=5 type=0 insize=2634 outsize=4231 kw=POINT_COOKIE SHADOWS_OFF UNITY_HDR_ON SUNSHINE_FILTER_HARD ok=1
Cmd: compileSnippet
  api=5 type=0 insize=2634 outsize=8664 kw=DIRECTIONAL SHADOWS_SCREEN UNITY_HDR_ON SUNSHINE_FILTER_HARD ok=1
Cmd: compileSnippet
  api=5 type=0 insize=2634 outsize=6427 kw=SPOT SHADOWS_DEPTH SHADOWS_SOFT UNITY_HDR_ON SHADOWS_NONATIVE SUNSHINE_FILTER_HARD ok=1
Cmd: compileSnippet
  api=5 type=0 insize=2634 outsize=8664 kw=DIRECTIONAL SHADOWS_SCREEN SHADOWS_NATIVE UNITY_HDR_ON SUNSHINE_FILTER_HARD ok=1
Cmd: compileSnippet
  api=5 type=1 insize=2634 outsize=6 kw=POINT SHADOWS_OFF SUNSHINE_DISABLED ok=1
Cmd: compileSnippet
  api=5 type=1 insize=2634 outsize=6 kw=DIRECTIONAL_COOKIE SHADOWS_OFF SUNSHINE_DISABLED ok=1
Cmd: compileSnippet
  api=5 type=1 insize=2634 outsize=6 kw=DIRECTIONAL_COOKIE SHADOWS_SCREEN SUNSHINE_DISABLED ok=1
Cmd: compileSnippet
  api=5 type=1 insize=2634 outsize=6 kw=SPOT SHADOWS_DEPTH SHADOWS_SOFT SHADOWS_NONATIVE SUNSHINE_DISABLED ok=1
Cmd: compileSnippet
  api=5 type=1 insize=2634 outsize=6 kw=POINT SHADOWS_CUBE SHADOWS_SOFT SUNSHINE_DISABLED ok=1
Cmd: compileSnippet
  api=5 type=1 insize=2634 outsize=6 kw=DIRECTIONAL_COOKIE SHADOWS_SCREEN SHADOWS_NATIVE SUNSHINE_DISABLED ok=1
Cmd: compileSnippet
  api=5 type=1 insize=2634 outsize=6 kw=SPOT SHADOWS_OFF SUNSHINE_FILTER_PCF_4x4 ok=1
Cmd: compileSnippet
  api=5 type=1 insize=2634 outsize=6 kw=SPOT SHADOWS_DEPTH SHADOWS_NONATIVE SUNSHINE_FILTER_PCF_4x4 ok=1
Cmd: compileSnippet
  api=5 type=1 insize=2634 outsize=6 kw=DIRECTIONAL SHADOWS_SCREEN SUNSHINE_FILTER_PCF_4x4 ok=1
Cmd: compileSnippet
  api=5 type=1 insize=2634 outsize=6 kw=POINT_COOKIE SHADOWS_CUBE SUNSHINE_FILTER_PCF_4x4 ok=1
Cmd: compileSnippet
  api=5 type=1 insize=2634 outsize=6 kw=POINT SHADOWS_CUBE SHADOWS_SOFT SUNSHINE_FILTER_PCF_4x4 ok=1
Cmd: compileSnippet
  api=5 type=1 insize=2634 outsize=6 kw=DIRECTIONAL_COOKIE SHADOWS_SCREEN SHADOWS_NATIVE SUNSHINE_FILTER_PCF_4x4 ok=1
Cmd: compileSnippet
  api=5 type=1 insize=2634 outsize=6 kw=SPOT SHADOWS_OFF SUNSHINE_FILTER_PCF_3x3 ok=1
Cmd: compileSnippet
  api=5 type=1 insize=2634 outsize=6 kw=SPOT SHADOWS_DEPTH SHADOWS_NONATIVE SUNSHINE_FILTER_PCF_3x3 ok=1
Cmd: compileSnippet
  api=5 type=1 insize=2634 outsize=6 kw=DIRECTIONAL_COOKIE SHADOWS_SCREEN SUNSHINE_FILTER_PCF_3x3 ok=1
Cmd: compileSnippet
  api=5 type=1 insize=2634 outsize=6 kw=POINT SHADOWS_CUBE SUNSHINE_FILTER_PCF_3x3 ok=1
Cmd: compileSnippet
  api=5 type=1 insize=2634 outsize=6 kw=POINT_COOKIE SHADOWS_CUBE SHADOWS_SOFT SUNSHINE_FILTER_PCF_3x3 ok=1
Cmd: compileSnippet
  api=5 type=1 insize=2634 outsize=6 kw=POINT SHADOWS_OFF SUNSHINE_FILTER_PCF_2x2 ok=1
Cmd: compileSnippet
  api=5 type=1 insize=2634 outsize=6 kw=POINT_COOKIE SHADOWS_OFF SUNSHINE_FILTER_PCF_2x2 ok=1
Cmd: compileSnippet
  api=5 type=1 insize=2634 outsize=6 kw=SPOT SHADOWS_DEPTH SHADOWS_NATIVE SUNSHINE_FILTER_PCF_2x2 ok=1
Cmd: compileSnippet
  api=5 type=1 insize=2634 outsize=6 kw=POINT_COOKIE SHADOWS_CUBE SUNSHINE_FILTER_PCF_2x2 ok=1
Cmd: compileSnippet
  api=5 type=1 insize=2634 outsize=6 kw=POINT SHADOWS_CUBE SHADOWS_SOFT SUNSHINE_FILTER_PCF_2x2 ok=1
Cmd: compileSnippet
  api=5 type=1 insize=2634 outsize=6 kw=DIRECTIONAL_COOKIE SHADOWS_SCREEN SHADOWS_NATIVE SUNSHINE_FILTER_PCF_2x2 ok=1
Cmd: compileSnippet
  api=5 type=1 insize=2634 outsize=6 kw=SPOT SHADOWS_OFF SUNSHINE_FILTER_HARD ok=1
Cmd: compileSnippet
  api=5 type=1 insize=2634 outsize=6 kw=SPOT SHADOWS_DEPTH SHADOWS_NONATIVE SUNSHINE_FILTER_HARD ok=1
Cmd: compileSnippet
  api=5 type=1 insize=2634 outsize=6 kw=POINT SHADOWS_CUBE SUNSHINE_FILTER_HARD ok=1
Cmd: compileSnippet
  api=5 type=1 insize=2634 outsize=6 kw=SPOT SHADOWS_DEPTH SHADOWS_SOFT SHADOWS_NATIVE SUNSHINE_FILTER_HARD ok=1
Cmd: compileSnippet
  api=5 type=1 insize=2634 outsize=6 kw=DIRECTIONAL SHADOWS_SCREEN SHADOWS_NATIVE SUNSHINE_FILTER_HARD ok=1
Cmd: compileSnippet
  api=5 type=1 insize=2634 outsize=6 kw=POINT SHADOWS_OFF UNITY_HDR_ON SUNSHINE_DISABLED ok=1
Cmd: compileSnippet
  api=5 type=1 insize=2634 outsize=6 kw=POINT_COOKIE SHADOWS_OFF UNITY_HDR_ON SUNSHINE_DISABLED ok=1
Cmd: compileSnippet
  api=5 type=1 insize=2634 outsize=6 kw=DIRECTIONAL_COOKIE SHADOWS_SCREEN UNITY_HDR_ON SUNSHINE_DISABLED ok=1
Cmd: compileSnippet
  api=5 type=1 insize=2634 outsize=6 kw=SPOT SHADOWS_DEPTH SHADOWS_SOFT UNITY_HDR_ON SHADOWS_NONATIVE SUNSHINE_DISABLED ok=1
Cmd: compileSnippet
  api=5 type=1 insize=2634 outsize=6 kw=DIRECTIONAL SHADOWS_SCREEN SHADOWS_NATIVE UNITY_HDR_ON SUNSHINE_DISABLED ok=1
Cmd: compileSnippet
  api=5 type=1 insize=2634 outsize=6 kw=DIRECTIONAL SHADOWS_OFF UNITY_HDR_ON SUNSHINE_FILTER_PCF_4x4 ok=1
Cmd: compileSnippet
  api=5 type=1 insize=2634 outsize=6 kw=DIRECTIONAL_COOKIE SHADOWS_OFF UNITY_HDR_ON SUNSHINE_FILTER_PCF_4x4 ok=1
Cmd: compileSnippet
  api=5 type=1 insize=2634 outsize=6 kw=DIRECTIONAL SHADOWS_SCREEN UNITY_HDR_ON SUNSHINE_FILTER_PCF_4x4 ok=1
Cmd: compileSnippet
  api=5 type=1 insize=2634 outsize=6 kw=POINT_COOKIE SHADOWS_CUBE UNITY_HDR_ON SUNSHINE_FILTER_PCF_4x4 ok=1
Cmd: compileSnippet
  api=5 type=1 insize=2634 outsize=6 kw=POINT SHADOWS_CUBE SHADOWS_SOFT UNITY_HDR_ON SUNSHINE_FILTER_PCF_4x4 ok=1
Cmd: compileSnippet
  api=5 type=1 insize=2634 outsize=6 kw=DIRECTIONAL_COOKIE SHADOWS_SCREEN SHADOWS_NATIVE UNITY_HDR_ON SUNSHINE_FILTER_PCF_4x4 ok=1
Cmd: compileSnippet
  api=5 type=1 insize=2634 outsize=6 kw=POINT SHADOWS_OFF UNITY_HDR_ON SUNSHINE_FILTER_PCF_3x3 ok=1
Cmd: compileSnippet
  api=5 type=1 insize=2634 outsize=6 kw=POINT_COOKIE SHADOWS_OFF UNITY_HDR_ON SUNSHINE_FILTER_PCF_3x3 ok=1
Cmd: compileSnippet
  api=5 type=1 insize=2634 outsize=6 kw=SPOT SHADOWS_DEPTH SHADOWS_NATIVE UNITY_HDR_ON SUNSHINE_FILTER_PCF_3x3 ok=1
Cmd: compileSnippet
  api=5 type=1 insize=2634 outsize=6 kw=POINT SHADOWS_CUBE UNITY_HDR_ON SUNSHINE_FILTER_PCF_3x3 ok=1
Cmd: compileSnippet
  api=5 type=1 insize=2634 outsize=6 kw=POINT_COOKIE SHADOWS_CUBE SHADOWS_SOFT UNITY_HDR_ON SUNSHINE_FILTER_PCF_3x3 ok=1
Cmd: compileSnippet
  api=5 type=1 insize=2634 outsize=6 kw=DIRECTIONAL_COOKIE SHADOWS_SCREEN SHADOWS_NATIVE UNITY_HDR_ON SUNSHINE_FILTER_PCF_3x3 ok=1
Cmd: compileSnippet
  api=5 type=1 insize=2634 outsize=6 kw=SPOT SHADOWS_OFF UNITY_HDR_ON SUNSHINE_FILTER_PCF_2x2 ok=1
Cmd: compileSnippet
  api=5 type=1 insize=2634 outsize=6 kw=SPOT SHADOWS_DEPTH UNITY_HDR_ON SHADOWS_NONATIVE SUNSHINE_FILTER_PCF_2x2 ok=1
Cmd: compileSnippet
  api=5 type=1 insize=2634 outsize=6 kw=DIRECTIONAL SHADOWS_SCREEN UNITY_HDR_ON SUNSHINE_FILTER_PCF_2x2 ok=1
Cmd: compileSnippet
  api=5 type=1 insize=2634 outsize=6 kw=SPOT SHADOWS_DEPTH SHADOWS_SOFT UNITY_HDR_ON SHADOWS_NONATIVE SUNSHINE_FILTER_PCF_2x2 ok=1
Cmd: compileSnippet
  api=5 type=1 insize=2634 outsize=6 kw=POINT SHADOWS_CUBE SHADOWS_SOFT UNITY_HDR_ON SUNSHINE_FILTER_PCF_2x2 ok=1
Cmd: compileSnippet
  api=5 type=1 insize=2634 outsize=6 kw=DIRECTIONAL_COOKIE SHADOWS_SCREEN SHADOWS_NATIVE UNITY_HDR_ON SUNSHINE_FILTER_PCF_2x2 ok=1
Cmd: compileSnippet
  api=5 type=1 insize=2634 outsize=6 kw=SPOT SHADOWS_OFF UNITY_HDR_ON SUNSHINE_FILTER_HARD ok=1
Cmd: compileSnippet
  api=5 type=1 insize=2634 outsize=6 kw=SPOT SHADOWS_DEPTH UNITY_HDR_ON SHADOWS_NONATIVE SUNSHINE_FILTER_HARD ok=1
Cmd: compileSnippet
  api=5 type=1 insize=2634 outsize=6 kw=DIRECTIONAL_COOKIE SHADOWS_SCREEN UNITY_HDR_ON SUNSHINE_FILTER_HARD ok=1
Cmd: compileSnippet
  api=5 type=1 insize=2634 outsize=6 kw=SPOT SHADOWS_DEPTH SHADOWS_SOFT UNITY_HDR_ON SHADOWS_NONATIVE SUNSHINE_FILTER_HARD ok=1
Cmd: compileSnippet
  api=5 type=1 insize=2634 outsize=6 kw=POINT_COOKIE SHADOWS_CUBE SHADOWS_SOFT UNITY_HDR_ON SUNSHINE_FILTER_HARD ok=1
Cmd: compileSnippet
  api=5 type=1 insize=2634 outsize=6 kw=DIRECTIONAL_COOKIE SHADOWS_SCREEN SHADOWS_NATIVE UNITY_HDR_ON SUNSHINE_FILTER_HARD ok=1
Cmd: compileSnippet
  api=5 type=0 insize=1726 outsize=3183 kw=DIRECTIONAL SHADOWS_OFF SUNSHINE_DISABLED ok=1
Cmd: compileSnippet
  api=5 type=0 insize=1726 outsize=3669 kw=DIRECTIONAL SHADOWS_SCREEN SUNSHINE_DISABLED ok=1
Cmd: compileSnippet
  api=5 type=0 insize=1726 outsize=4133 kw=POINT SHADOWS_CUBE SUNSHINE_DISABLED ok=1
Cmd: compileSnippet
  api=5 type=0 insize=1726 outsize=5683 kw=POINT_COOKIE SHADOWS_CUBE SHADOWS_SOFT SUNSHINE_DISABLED ok=1
Cmd: compileSnippet
  api=5 type=0 insize=1726 outsize=3910 kw=SPOT SHADOWS_OFF SUNSHINE_FILTER_PCF_4x4 ok=1
Cmd: compileSnippet
  api=5 type=0 insize=1726 outsize=4802 kw=SPOT SHADOWS_DEPTH SHADOWS_NONATIVE SUNSHINE_FILTER_PCF_4x4 ok=1
Cmd: compileSnippet
  api=5 type=0 insize=1726 outsize=4133 kw=POINT SHADOWS_CUBE SUNSHINE_FILTER_PCF_4x4 ok=1
Cmd: compileSnippet
  api=5 type=0 insize=1726 outsize=5652 kw=SPOT SHADOWS_DEPTH SHADOWS_SOFT SHADOWS_NATIVE SUNSHINE_FILTER_PCF_4x4 ok=1
Cmd: compileSnippet
  api=5 type=0 insize=1726 outsize=3979 kw=DIRECTIONAL_COOKIE SHADOWS_SCREEN SHADOWS_NATIVE SUNSHINE_FILTER_PCF_4x4 ok=1
Cmd: compileSnippet
  api=5 type=0 insize=1726 outsize=3910 kw=SPOT SHADOWS_OFF SUNSHINE_FILTER_PCF_3x3 ok=1
Cmd: compileSnippet
  api=5 type=0 insize=1726 outsize=4858 kw=SPOT SHADOWS_DEPTH SHADOWS_NATIVE SUNSHINE_FILTER_PCF_3x3 ok=1
Cmd: compileSnippet
  api=5 type=0 insize=1726 outsize=4453 kw=POINT_COOKIE SHADOWS_CUBE SUNSHINE_FILTER_PCF_3x3 ok=1
Cmd: compileSnippet
  api=5 type=0 insize=1726 outsize=5683 kw=POINT_COOKIE SHADOWS_CUBE SHADOWS_SOFT SUNSHINE_FILTER_PCF_3x3 ok=1
Cmd: compileSnippet
  api=5 type=0 insize=1726 outsize=9691 kw=DIRECTIONAL SHADOWS_OFF SUNSHINE_FILTER_PCF_2x2 ok=1
Cmd: compileSnippet
  api=5 type=0 insize=1726 outsize=4802 kw=SPOT SHADOWS_DEPTH SHADOWS_NONATIVE SUNSHINE_FILTER_PCF_2x2 ok=1
Cmd: compileSnippet
  api=5 type=0 insize=1726 outsize=4133 kw=POINT SHADOWS_CUBE SUNSHINE_FILTER_PCF_2x2 ok=1
Cmd: compileSnippet
  api=5 type=0 insize=1726 outsize=5363 kw=POINT SHADOWS_CUBE SHADOWS_SOFT SUNSHINE_FILTER_PCF_2x2 ok=1
Cmd: compileSnippet
  api=5 type=0 insize=1726 outsize=3535 kw=POINT SHADOWS_OFF SUNSHINE_FILTER_HARD ok=1
Cmd: compileSnippet
  api=5 type=0 insize=1726 outsize=3532 kw=DIRECTIONAL_COOKIE SHADOWS_OFF SUNSHINE_FILTER_HARD ok=1
Cmd: compileSnippet
  api=5 type=0 insize=1726 outsize=3979 kw=DIRECTIONAL_COOKIE SHADOWS_SCREEN SUNSHINE_FILTER_HARD ok=1
Cmd: compileSnippet
  api=5 type=0 insize=1726 outsize=5652 kw=SPOT SHADOWS_DEPTH SHADOWS_SOFT SHADOWS_NATIVE SUNSHINE_FILTER_HARD ok=1
Cmd: compileSnippet
  api=5 type=0 insize=1726 outsize=3979 kw=DIRECTIONAL_COOKIE SHADOWS_SCREEN SHADOWS_NATIVE SUNSHINE_FILTER_HARD ok=1
Cmd: compileSnippet
  api=5 type=1 insize=1726 outsize=6 kw=DIRECTIONAL SHADOWS_OFF SUNSHINE_DISABLED ok=1
Cmd: compileSnippet
  api=5 type=1 insize=1726 outsize=6 kw=SPOT SHADOWS_DEPTH SHADOWS_NONATIVE SUNSHINE_DISABLED ok=1
Cmd: compileSnippet
  api=5 type=1 insize=1726 outsize=6 kw=POINT SHADOWS_CUBE SUNSHINE_DISABLED ok=1
Cmd: compileSnippet
  api=5 type=1 insize=1726 outsize=6 kw=POINT SHADOWS_CUBE SHADOWS_SOFT SUNSHINE_DISABLED ok=1
Cmd: compileSnippet
  api=5 type=1 insize=1726 outsize=6 kw=DIRECTIONAL SHADOWS_OFF SUNSHINE_FILTER_PCF_4x4 ok=1
Cmd: compileSnippet
  api=5 type=1 insize=1726 outsize=6 kw=SPOT SHADOWS_DEPTH SHADOWS_NONATIVE SUNSHINE_FILTER_PCF_4x4 ok=1
Cmd: compileSnippet
  api=5 type=1 insize=1726 outsize=6 kw=POINT SHADOWS_CUBE SUNSHINE_FILTER_PCF_4x4 ok=1
Cmd: compileSnippet
  api=5 type=1 insize=1726 outsize=6 kw=POINT SHADOWS_CUBE SHADOWS_SOFT SUNSHINE_FILTER_PCF_4x4 ok=1
Cmd: compileSnippet
  api=5 type=1 insize=1726 outsize=6 kw=POINT SHADOWS_OFF SUNSHINE_FILTER_PCF_3x3 ok=1
Cmd: compileSnippet
  api=5 type=1 insize=1726 outsize=6 kw=DIRECTIONAL_COOKIE SHADOWS_OFF SUNSHINE_FILTER_PCF_3x3 ok=1
Cmd: compileSnippet
  api=5 type=1 insize=1726 outsize=6 kw=POINT SHADOWS_CUBE SUNSHINE_FILTER_PCF_3x3 ok=1
Cmd: compileSnippet
  api=5 type=1 insize=1726 outsize=6 kw=POINT SHADOWS_CUBE SHADOWS_SOFT SUNSHINE_FILTER_PCF_3x3 ok=1
Cmd: compileSnippet
  api=5 type=1 insize=1726 outsize=6 kw=POINT SHADOWS_OFF SUNSHINE_FILTER_PCF_2x2 ok=1
Cmd: compileSnippet
  api=5 type=1 insize=1726 outsize=6 kw=DIRECTIONAL_COOKIE SHADOWS_OFF SUNSHINE_FILTER_PCF_2x2 ok=1
Cmd: compileSnippet
  api=5 type=1 insize=1726 outsize=6 kw=DIRECTIONAL_COOKIE SHADOWS_SCREEN SUNSHINE_FILTER_PCF_2x2 ok=1
Cmd: compileSnippet
  api=5 type=1 insize=1726 outsize=6 kw=SPOT SHADOWS_DEPTH SHADOWS_SOFT SHADOWS_NATIVE SUNSHINE_FILTER_PCF_2x2 ok=1
Cmd: compileSnippet
  api=5 type=1 insize=1726 outsize=6 kw=POINT SHADOWS_OFF SUNSHINE_FILTER_HARD ok=1
Cmd: compileSnippet
  api=5 type=1 insize=1726 outsize=6 kw=SPOT SHADOWS_DEPTH SHADOWS_NONATIVE SUNSHINE_FILTER_HARD ok=1
Cmd: compileSnippet
  api=5 type=1 insize=1726 outsize=6 kw=POINT SHADOWS_CUBE SUNSHINE_FILTER_HARD ok=1
Cmd: compileSnippet
  api=5 type=1 insize=1726 outsize=6 kw=POINT SHADOWS_CUBE SHADOWS_SOFT SUNSHINE_FILTER_HARD ok=1
Cmd: compileSnippet
  api=5 type=0 insize=1719 outsize=3475 kw=POINT SHADOWS_OFF SUNSHINE_DISABLED ok=1
Cmd: compileSnippet
  api=5 type=0 insize=1719 outsize=4798 kw=SPOT SHADOWS_DEPTH SHADOWS_NATIVE SUNSHINE_DISABLED ok=1
Cmd: compileSnippet
  api=5 type=0 insize=1719 outsize=5824 kw=SPOT SHADOWS_DEPTH SHADOWS_SOFT SHADOWS_NONATIVE SUNSHINE_DISABLED ok=1
Cmd: compileSnippet
  api=5 type=0 insize=1719 outsize=3609 kw=DIRECTIONAL SHADOWS_SCREEN SHADOWS_NATIVE SUNSHINE_DISABLED ok=1
Cmd: compileSnippet
  api=5 type=0 insize=1719 outsize=3850 kw=SPOT SHADOWS_OFF SUNSHINE_FILTER_PCF_4x4 ok=1
Cmd: compileSnippet
  api=5 type=0 insize=1719 outsize=4742 kw=SPOT SHADOWS_DEPTH SHADOWS_NONATIVE SUNSHINE_FILTER_PCF_4x4 ok=1
Cmd: compileSnippet
  api=5 type=0 insize=1719 outsize=4073 kw=POINT SHADOWS_CUBE SUNSHINE_FILTER_PCF_4x4 ok=1
Cmd: compileSnippet
  api=5 type=0 insize=1719 outsize=5592 kw=SPOT SHADOWS_DEPTH SHADOWS_SOFT SHADOWS_NATIVE SUNSHINE_FILTER_PCF_4x4 ok=1
Cmd: compileSnippet
  api=5 type=0 insize=1719 outsize=3919 kw=DIRECTIONAL_COOKIE SHADOWS_SCREEN SHADOWS_NATIVE SUNSHINE_FILTER_PCF_4x4 ok=1
Cmd: compileSnippet
  api=5 type=0 insize=1719 outsize=3850 kw=SPOT SHADOWS_OFF SUNSHINE_FILTER_PCF_3x3 ok=1
Cmd: compileSnippet
  api=5 type=0 insize=1719 outsize=4742 kw=SPOT SHADOWS_DEPTH SHADOWS_NONATIVE SUNSHINE_FILTER_PCF_3x3 ok=1
Cmd: compileSnippet
  api=5 type=0 insize=1719 outsize=4073 kw=POINT SHADOWS_CUBE SUNSHINE_FILTER_PCF_3x3 ok=1
Cmd: compileSnippet
  api=5 type=0 insize=1719 outsize=5592 kw=SPOT SHADOWS_DEPTH SHADOWS_SOFT SHADOWS_NATIVE SUNSHINE_FILTER_PCF_3x3 ok=1
Cmd: compileSnippet
  api=5 type=0 insize=1719 outsize=3919 kw=DIRECTIONAL_COOKIE SHADOWS_SCREEN SHADOWS_NATIVE SUNSHINE_FILTER_PCF_3x3 ok=1
Cmd: compileSnippet
  api=5 type=0 insize=1719 outsize=3795 kw=POINT_COOKIE SHADOWS_OFF SUNSHINE_FILTER_PCF_2x2 ok=1
Cmd: compileSnippet
  api=5 type=0 insize=1719 outsize=3919 kw=DIRECTIONAL_COOKIE SHADOWS_SCREEN SUNSHINE_FILTER_PCF_2x2 ok=1
Cmd: compileSnippet
  api=5 type=0 insize=1719 outsize=4393 kw=POINT_COOKIE SHADOWS_CUBE SUNSHINE_FILTER_PCF_2x2 ok=1
Cmd: compileSnippet
  api=5 type=0 insize=1719 outsize=5623 kw=POINT_COOKIE SHADOWS_CUBE SHADOWS_SOFT SUNSHINE_FILTER_PCF_2x2 ok=1
Cmd: compileSnippet
  api=5 type=0 insize=1719 outsize=7626 kw=DIRECTIONAL SHADOWS_OFF SUNSHINE_FILTER_HARD ok=1
Cmd: compileSnippet
  api=5 type=0 insize=1719 outsize=4798 kw=SPOT SHADOWS_DEPTH SHADOWS_NATIVE SUNSHINE_FILTER_HARD ok=1
Cmd: compileSnippet
  api=5 type=0 insize=1719 outsize=4073 kw=POINT SHADOWS_CUBE SUNSHINE_FILTER_HARD ok=1
Cmd: compileSnippet
  api=5 type=0 insize=1719 outsize=5623 kw=POINT_COOKIE SHADOWS_CUBE SHADOWS_SOFT SUNSHINE_FILTER_HARD ok=1
Cmd: compileSnippet
  api=5 type=1 insize=1719 outsize=6 kw=DIRECTIONAL SHADOWS_OFF SUNSHINE_DISABLED ok=1
Cmd: compileSnippet
  api=5 type=1 insize=1719 outsize=6 kw=SPOT SHADOWS_DEPTH SHADOWS_NONATIVE SUNSHINE_DISABLED ok=1
Cmd: compileSnippet
  api=5 type=1 insize=1719 outsize=6 kw=DIRECTIONAL_COOKIE SHADOWS_SCREEN SUNSHINE_DISABLED ok=1
Cmd: compileSnippet
  api=5 type=1 insize=1719 outsize=6 kw=SPOT SHADOWS_DEPTH SHADOWS_SOFT SHADOWS_NATIVE SUNSHINE_DISABLED ok=1
Cmd: compileSnippet
  api=5 type=1 insize=1719 outsize=6 kw=DIRECTIONAL_COOKIE SHADOWS_SCREEN SHADOWS_NATIVE SUNSHINE_DISABLED ok=1
Cmd: compileSnippet
  api=5 type=1 insize=1719 outsize=6 kw=POINT_COOKIE SHADOWS_OFF SUNSHINE_FILTER_PCF_4x4 ok=1
Cmd: compileSnippet
  api=5 type=1 insize=1719 outsize=6 kw=DIRECTIONAL SHADOWS_SCREEN SUNSHINE_FILTER_PCF_4x4 ok=1
Cmd: compileSnippet
  api=5 type=1 insize=1719 outsize=6 kw=SPOT SHADOWS_DEPTH SHADOWS_SOFT SHADOWS_NONATIVE SUNSHINE_FILTER_PCF_4x4 ok=1
Cmd: compileSnippet
  api=5 type=1 insize=1719 outsize=6 kw=DIRECTIONAL SHADOWS_SCREEN SHADOWS_NATIVE SUNSHINE_FILTER_PCF_4x4 ok=1
Cmd: compileSnippet
  api=5 type=1 insize=1719 outsize=6 kw=SPOT SHADOWS_OFF SUNSHINE_FILTER_PCF_3x3 ok=1
Cmd: compileSnippet
  api=5 type=1 insize=1719 outsize=6 kw=SPOT SHADOWS_DEPTH SHADOWS_NATIVE SUNSHINE_FILTER_PCF_3x3 ok=1
Cmd: compileSnippet
  api=5 type=1 insize=1719 outsize=6 kw=SPOT SHADOWS_DEPTH SHADOWS_SOFT SHADOWS_NONATIVE SUNSHINE_FILTER_PCF_3x3 ok=1
Cmd: compileSnippet
  api=5 type=1 insize=1719 outsize=6 kw=DIRECTIONAL SHADOWS_SCREEN SHADOWS_NATIVE SUNSHINE_FILTER_PCF_3x3 ok=1
Cmd: compileSnippet
  api=5 type=1 insize=1719 outsize=6 kw=SPOT SHADOWS_OFF SUNSHINE_FILTER_PCF_2x2 ok=1
Cmd: compileSnippet
  api=5 type=1 insize=1719 outsize=6 kw=SPOT SHADOWS_DEPTH SHADOWS_NATIVE SUNSHINE_FILTER_PCF_2x2 ok=1
Cmd: compileSnippet
  api=5 type=1 insize=1719 outsize=6 kw=POINT_COOKIE SHADOWS_CUBE SUNSHINE_FILTER_PCF_2x2 ok=1
Cmd: compileSnippet
  api=5 type=1 insize=1719 outsize=6 kw=POINT_COOKIE SHADOWS_CUBE SHADOWS_SOFT SUNSHINE_FILTER_PCF_2x2 ok=1
Cmd: compileSnippet
  api=5 type=1 insize=1719 outsize=6 kw=DIRECTIONAL SHADOWS_OFF SUNSHINE_FILTER_HARD ok=1
Cmd: compileSnippet
  api=5 type=1 insize=1719 outsize=6 kw=SPOT SHADOWS_DEPTH SHADOWS_NONATIVE SUNSHINE_FILTER_HARD ok=1
Cmd: compileSnippet
  api=5 type=1 insize=1719 outsize=6 kw=POINT SHADOWS_CUBE SUNSHINE_FILTER_HARD ok=1
Cmd: compileSnippet
  api=5 type=1 insize=1719 outsize=6 kw=POINT SHADOWS_CUBE SHADOWS_SOFT SUNSHINE_FILTER_HARD ok=1
Cmd: compileSnippet
  api=5 type=0 insize=1724 outsize=3128 kw=DIRECTIONAL SHADOWS_OFF SUNSHINE_DISABLED ok=1
Cmd: compileSnippet
  api=5 type=0 insize=1724 outsize=3477 kw=DIRECTIONAL_COOKIE SHADOWS_OFF SUNSHINE_DISABLED ok=1
Cmd: compileSnippet
  api=5 type=0 insize=1724 outsize=3924 kw=DIRECTIONAL_COOKIE SHADOWS_SCREEN SUNSHINE_DISABLED ok=1
Cmd: compileSnippet
  api=5 type=0 insize=1724 outsize=5597 kw=SPOT SHADOWS_DEPTH SHADOWS_SOFT SHADOWS_NATIVE SUNSHINE_DISABLED ok=1
Cmd: compileSnippet
  api=5 type=0 insize=1724 outsize=3924 kw=DIRECTIONAL_COOKIE SHADOWS_SCREEN SHADOWS_NATIVE SUNSHINE_DISABLED ok=1
Cmd: compileSnippet
  api=5 type=0 insize=1724 outsize=3800 kw=POINT_COOKIE SHADOWS_OFF SUNSHINE_FILTER_PCF_4x4 ok=1
Cmd: compileSnippet
  api=5 type=0 insize=1724 outsize=16908 kw=DIRECTIONAL SHADOWS_SCREEN SUNSHINE_FILTER_PCF_4x4 ok=1
Cmd: compileSnippet
  api=5 type=0 insize=1724 outsize=5308 kw=POINT SHADOWS_CUBE SHADOWS_SOFT SUNSHINE_FILTER_PCF_4x4 ok=1
Cmd: compileSnippet
  api=5 type=0 insize=1724 outsize=3480 kw=POINT SHADOWS_OFF SUNSHINE_FILTER_PCF_3x3 ok=1
Cmd: compileSnippet
  api=5 type=0 insize=1724 outsize=3800 kw=POINT_COOKIE SHADOWS_OFF SUNSHINE_FILTER_PCF_3x3 ok=1
Cmd: compileSnippet
  api=5 type=0 insize=1724 outsize=13197 kw=DIRECTIONAL SHADOWS_SCREEN SUNSHINE_FILTER_PCF_3x3 ok=1
Cmd: compileSnippet
  api=5 type=0 insize=1724 outsize=5308 kw=POINT SHADOWS_CUBE SHADOWS_SOFT SUNSHINE_FILTER_PCF_3x3 ok=1
Cmd: compileSnippet
  api=5 type=0 insize=1724 outsize=3480 kw=POINT SHADOWS_OFF SUNSHINE_FILTER_PCF_2x2 ok=1
Cmd: compileSnippet
  api=5 type=0 insize=1724 outsize=3800 kw=POINT_COOKIE SHADOWS_OFF SUNSHINE_FILTER_PCF_2x2 ok=1
Cmd: compileSnippet
  api=5 type=0 insize=1724 outsize=10053 kw=DIRECTIONAL SHADOWS_SCREEN SUNSHINE_FILTER_PCF_2x2 ok=1
Cmd: compileSnippet
  api=5 type=0 insize=1724 outsize=5597 kw=SPOT SHADOWS_DEPTH SHADOWS_SOFT SHADOWS_NATIVE SUNSHINE_FILTER_PCF_2x2 ok=1
Cmd: compileSnippet
  api=5 type=0 insize=1724 outsize=3924 kw=DIRECTIONAL_COOKIE SHADOWS_SCREEN SHADOWS_NATIVE SUNSHINE_FILTER_PCF_2x2 ok=1
Cmd: compileSnippet
  api=5 type=0 insize=1724 outsize=3855 kw=SPOT SHADOWS_OFF SUNSHINE_FILTER_HARD ok=1
Cmd: compileSnippet
  api=5 type=0 insize=1724 outsize=4747 kw=SPOT SHADOWS_DEPTH SHADOWS_NONATIVE SUNSHINE_FILTER_HARD ok=1
Cmd: compileSnippet
  api=5 type=0 insize=1724 outsize=4078 kw=POINT SHADOWS_CUBE SUNSHINE_FILTER_HARD ok=1
Cmd: compileSnippet
  api=5 type=0 insize=1724 outsize=5308 kw=POINT SHADOWS_CUBE SHADOWS_SOFT SUNSHINE_FILTER_HARD ok=1
Cmd: compileSnippet
  api=5 type=1 insize=1724 outsize=6 kw=DIRECTIONAL SHADOWS_OFF SUNSHINE_DISABLED ok=1
Cmd: compileSnippet
  api=5 type=1 insize=1724 outsize=6 kw=DIRECTIONAL SHADOWS_SCREEN SUNSHINE_DISABLED ok=1
Cmd: compileSnippet
  api=5 type=1 insize=1724 outsize=6 kw=SPOT SHADOWS_DEPTH SHADOWS_SOFT SHADOWS_NONATIVE SUNSHINE_DISABLED ok=1
Cmd: compileSnippet
  api=5 type=1 insize=1724 outsize=6 kw=DIRECTIONAL SHADOWS_SCREEN SHADOWS_NATIVE SUNSHINE_DISABLED ok=1
Cmd: compileSnippet
  api=5 type=1 insize=1724 outsize=6 kw=SPOT SHADOWS_OFF SUNSHINE_FILTER_PCF_4x4 ok=1
Cmd: compileSnippet
  api=5 type=1 insize=1724 outsize=6 kw=SPOT SHADOWS_DEPTH SHADOWS_NATIVE SUNSHINE_FILTER_PCF_4x4 ok=1
Cmd: compileSnippet
  api=5 type=1 insize=1724 outsize=6 kw=POINT SHADOWS_CUBE SUNSHINE_FILTER_PCF_4x4 ok=1
Cmd: compileSnippet
  api=5 type=1 insize=1724 outsize=6 kw=POINT SHADOWS_CUBE SHADOWS_SOFT SUNSHINE_FILTER_PCF_4x4 ok=1
Cmd: compileSnippet
  api=5 type=1 insize=1724 outsize=6 kw=POINT SHADOWS_OFF SUNSHINE_FILTER_PCF_3x3 ok=1
Cmd: compileSnippet
  api=5 type=1 insize=1724 outsize=6 kw=DIRECTIONAL_COOKIE SHADOWS_OFF SUNSHINE_FILTER_PCF_3x3 ok=1
Cmd: compileSnippet
  api=5 type=1 insize=1724 outsize=6 kw=DIRECTIONAL_COOKIE SHADOWS_SCREEN SUNSHINE_FILTER_PCF_3x3 ok=1
Cmd: compileSnippet
  api=5 type=1 insize=1724 outsize=6 kw=SPOT SHADOWS_DEPTH SHADOWS_SOFT SHADOWS_NATIVE SUNSHINE_FILTER_PCF_3x3 ok=1
Cmd: compileSnippet
  api=5 type=1 insize=1724 outsize=6 kw=DIRECTIONAL_COOKIE SHADOWS_SCREEN SHADOWS_NATIVE SUNSHINE_FILTER_PCF_3x3 ok=1
Cmd: compileSnippet
  api=5 type=1 insize=1724 outsize=6 kw=POINT_COOKIE SHADOWS_OFF SUNSHINE_FILTER_PCF_2x2 ok=1
Cmd: compileSnippet
  api=5 type=1 insize=1724 outsize=6 kw=DIRECTIONAL SHADOWS_SCREEN SUNSHINE_FILTER_PCF_2x2 ok=1
Cmd: compileSnippet
  api=5 type=1 insize=1724 outsize=6 kw=SPOT SHADOWS_DEPTH SHADOWS_SOFT SHADOWS_NONATIVE SUNSHINE_FILTER_PCF_2x2 ok=1
Cmd: compileSnippet
  api=5 type=1 insize=1724 outsize=6 kw=POINT_COOKIE SHADOWS_CUBE SHADOWS_SOFT SUNSHINE_FILTER_PCF_2x2 ok=1
Cmd: compileSnippet
  api=5 type=1 insize=1724 outsize=6 kw=DIRECTIONAL SHADOWS_OFF SUNSHINE_FILTER_HARD ok=1
Cmd: compileSnippet
  api=5 type=1 insize=1724 outsize=6 kw=SPOT SHADOWS_DEPTH SHADOWS_NONATIVE SUNSHINE_FILTER_HARD ok=1
Cmd: compileSnippet
  api=5 type=1 insize=1724 outsize=6 kw=POINT_COOKIE SHADOWS_CUBE SUNSHINE_FILTER_HARD ok=1
Cmd: compileSnippet
  api=5 type=1 insize=1724 outsize=6 kw=POINT_COOKIE SHADOWS_CUBE SHADOWS_SOFT SUNSHINE_FILTER_HARD ok=1
Cmd: compileSnippet
  api=5 type=0 insize=6810 outsize=3625 kw=DIRECTIONAL SHADOWS_SCREEN LIGHTMAP_OFF DIRLIGHTMAP_OFF DYNAMICLIGHTMAP_ON ok=1
Cmd: compileSnippet
  api=5 type=0 insize=6810 outsize=3625 kw=DIRECTIONAL SHADOWS_SCREEN LIGHTMAP_OFF DIRLIGHTMAP_OFF DYNAMICLIGHTMAP_ON VERTEXLIGHT_ON ok=1
Cmd: compileSnippet
  api=5 type=0 insize=6810 outsize=5602 kw=DIRECTIONAL SHADOWS_SCREEN SHADOWS_NATIVE LIGHTMAP_OFF DIRLIGHTMAP_OFF DYNAMICLIGHTMAP_OFF VERTEXLIGHT_ON ok=1
Cmd: compileSnippet
  api=5 type=0 insize=6810 outsize=4258 kw=DIRECTIONAL SHADOWS_SCREEN LIGHTMAP_OFF DIRLIGHTMAP_OFF DYNAMICLIGHTMAP_OFF FOG_LINEAR ok=1
Cmd: compileSnippet
  api=5 type=0 insize=6810 outsize=4004 kw=DIRECTIONAL SHADOWS_SCREEN LIGHTMAP_OFF DIRLIGHTMAP_OFF DYNAMICLIGHTMAP_ON FOG_LINEAR VERTEXLIGHT_ON ok=1
Cmd: compileSnippet
  api=5 type=0 insize=6810 outsize=5980 kw=DIRECTIONAL SHADOWS_SCREEN SHADOWS_NATIVE LIGHTMAP_OFF DIRLIGHTMAP_OFF DYNAMICLIGHTMAP_OFF FOG_LINEAR VERTEXLIGHT_ON ok=1
Cmd: compileSnippet
  api=5 type=1 insize=6810 outsize=6 kw=DIRECTIONAL SHADOWS_SCREEN LIGHTMAP_OFF DIRLIGHTMAP_OFF DYNAMICLIGHTMAP_ON ok=1
Cmd: compileSnippet
  api=5 type=1 insize=6810 outsize=6 kw=DIRECTIONAL SHADOWS_OFF LIGHTMAP_OFF DIRLIGHTMAP_OFF DYNAMICLIGHTMAP_ON FOG_LINEAR ok=1
Cmd: compileSnippet
  api=5 type=1 insize=6810 outsize=6 kw=DIRECTIONAL SHADOWS_SCREEN SHADOWS_NATIVE LIGHTMAP_OFF DIRLIGHTMAP_OFF DYNAMICLIGHTMAP_OFF FOG_LINEAR ok=1
Cmd: compileSnippet
  api=5 type=0 insize=3647 outsize=2775 kw=POINT_COOKIE ok=1
Cmd: compileSnippet
  api=5 type=0 insize=3647 outsize=2945 kw=POINT FOG_LINEAR ok=1
Cmd: compileSnippet
  api=5 type=0 insize=3647 outsize=2847 kw=DIRECTIONAL_COOKIE FOG_LINEAR ok=1
Cmd: compileSnippet
  api=5 type=1 insize=3647 outsize=6 kw=POINT_COOKIE ok=1
Cmd: compileSnippet
  api=5 type=1 insize=3647 outsize=6 kw=SPOT FOG_LINEAR ok=1
Cmd: compileSnippet
  api=5 type=1 insize=3647 outsize=6 kw=POINT_COOKIE FOG_LINEAR ok=1
Cmd: compileSnippet
  api=5 type=0 insize=5995 outsize=3866 kw=LIGHTMAP_OFF DIRLIGHTMAP_OFF DYNAMICLIGHTMAP_ON UNITY_HDR_ON ok=1
Cmd: compileSnippet
  api=5 type=0 insize=5995 outsize=4205 kw=LIGHTMAP_OFF DIRLIGHTMAP_OFF DYNAMICLIGHTMAP_ON FOG_LINEAR UNITY_HDR_ON ok=1
Cmd: compileSnippet
  api=5 type=1 insize=5995 outsize=6 kw=LIGHTMAP_OFF DIRLIGHTMAP_OFF DYNAMICLIGHTMAP_ON HDR_LIGHT_PREPASS_OFF ok=1
Cmd: compileSnippet
  api=5 type=1 insize=5995 outsize=6 kw=LIGHTMAP_OFF DIRLIGHTMAP_OFF DYNAMICLIGHTMAP_ON FOG_LINEAR HDR_LIGHT_PREPASS_OFF ok=1
Cmd: compileSnippet
  api=5 type=1 insize=5928 outsize=6 kw=LIGHTMAP_OFF DIRLIGHTMAP_OFF DYNAMICLIGHTMAP_ON HDR_LIGHT_PREPASS_OFF ok=1
Cmd: compileSnippet
  api=5 type=0 insize=1275 outsize=3910 kw=SPOT SHADOWS_OFF ok=1
Cmd: compileSnippet
  api=5 type=0 insize=1275 outsize=3669 kw=DIRECTIONAL SHADOWS_SCREEN ok=1
Cmd: compileSnippet
  api=5 type=0 insize=1275 outsize=5884 kw=SPOT SHADOWS_DEPTH SHADOWS_SOFT SHADOWS_NONATIVE ok=1
Cmd: compileSnippet
  api=5 type=0 insize=1275 outsize=3669 kw=DIRECTIONAL SHADOWS_SCREEN SHADOWS_NATIVE ok=1
Cmd: compileSnippet
  api=5 type=0 insize=1275 outsize=3979 kw=DIRECTIONAL_COOKIE SHADOWS_SCREEN SHADOWS_NATIVE ok=1
Cmd: compileSnippet
  api=5 type=1 insize=1275 outsize=6 kw=POINT SHADOWS_OFF ok=1
Cmd: compileSnippet
  api=5 type=1 insize=1275 outsize=6 kw=DIRECTIONAL_COOKIE SHADOWS_OFF ok=1
Cmd: compileSnippet
  api=5 type=1 insize=1275 outsize=6 kw=DIRECTIONAL_COOKIE SHADOWS_SCREEN ok=1
Cmd: compileSnippet
  api=5 type=1 insize=1275 outsize=6 kw=SPOT SHADOWS_DEPTH SHADOWS_SOFT SHADOWS_NATIVE ok=1
Cmd: compileSnippet
  api=5 type=1 insize=1275 outsize=6 kw=DIRECTIONAL_COOKIE SHADOWS_SCREEN SHADOWS_NATIVE ok=1
Cmd: compileSnippet
  api=5 type=0 insize=1268 outsize=3850 kw=SPOT SHADOWS_OFF ok=1
Cmd: compileSnippet
  api=5 type=0 insize=1268 outsize=3472 kw=DIRECTIONAL_COOKIE SHADOWS_OFF ok=1
Cmd: compileSnippet
  api=5 type=0 insize=1268 outsize=3919 kw=DIRECTIONAL_COOKIE SHADOWS_SCREEN ok=1
Cmd: compileSnippet
  api=5 type=0 insize=1268 outsize=5592 kw=SPOT SHADOWS_DEPTH SHADOWS_SOFT SHADOWS_NATIVE ok=1
Cmd: compileSnippet
  api=5 type=1 insize=1268 outsize=6 kw=SPOT SHADOWS_OFF ok=1
Cmd: compileSnippet
  api=5 type=1 insize=1268 outsize=6 kw=DIRECTIONAL SHADOWS_SCREEN ok=1
Cmd: compileSnippet
  api=5 type=1 insize=1268 outsize=6 kw=SPOT SHADOWS_DEPTH SHADOWS_SOFT SHADOWS_NONATIVE ok=1
Cmd: compileSnippet
  api=5 type=1 insize=1268 outsize=6 kw=DIRECTIONAL SHADOWS_SCREEN SHADOWS_NATIVE ok=1
Cmd: compileSnippet
  api=5 type=0 insize=1273 outsize=3800 kw=POINT_COOKIE SHADOWS_OFF ok=1
Cmd: compileSnippet
  api=5 type=0 insize=1273 outsize=4747 kw=SPOT SHADOWS_DEPTH SHADOWS_NONATIVE ok=1
Cmd: compileSnippet
  api=5 type=0 insize=1273 outsize=4398 kw=POINT_COOKIE SHADOWS_CUBE ok=1
Cmd: compileSnippet
  api=5 type=0 insize=1273 outsize=5628 kw=POINT_COOKIE SHADOWS_CUBE SHADOWS_SOFT ok=1
Cmd: compileSnippet
  api=5 type=1 insize=1273 outsize=6 kw=DIRECTIONAL SHADOWS_OFF ok=1
Cmd: compileSnippet
  api=5 type=1 insize=1273 outsize=6 kw=SPOT SHADOWS_DEPTH SHADOWS_NONATIVE ok=1
Cmd: compileSnippet
  api=5 type=1 insize=1273 outsize=6 kw=POINT_COOKIE SHADOWS_CUBE ok=1
Cmd: compileSnippet
  api=5 type=1 insize=1273 outsize=6 kw=DIRECTIONAL SHADOWS_SCREEN SHADOWS_NATIVE ok=1
Cmd: compileSnippet
  api=5 type=0 insize=1934 outsize=3633 kw=DIRECTIONAL SHADOWS_OFF ok=1
Cmd: compileSnippet
  api=5 type=0 insize=1934 outsize=4018 kw=DIRECTIONAL_COOKIE SHADOWS_OFF ok=1
Cmd: compileSnippet
  api=5 type=0 insize=1934 outsize=4638 kw=DIRECTIONAL_COOKIE SHADOWS_SCREEN ok=1
Cmd: compileSnippet
  api=5 type=0 insize=1934 outsize=6311 kw=SPOT SHADOWS_DEPTH SHADOWS_SOFT SHADOWS_NATIVE ok=1
Cmd: compileSnippet
  api=5 type=0 insize=1934 outsize=4638 kw=DIRECTIONAL_COOKIE SHADOWS_SCREEN SHADOWS_NATIVE ok=1
Cmd: compileSnippet
  api=5 type=0 insize=1934 outsize=4231 kw=POINT_COOKIE SHADOWS_OFF UNITY_HDR_ON ok=1
Cmd: compileSnippet
  api=5 type=0 insize=1934 outsize=4219 kw=DIRECTIONAL SHADOWS_SCREEN UNITY_HDR_ON ok=1
Cmd: compileSnippet
  api=5 type=0 insize=1934 outsize=6427 kw=SPOT SHADOWS_DEPTH SHADOWS_SOFT UNITY_HDR_ON SHADOWS_NONATIVE ok=1
Cmd: compileSnippet
  api=5 type=0 insize=1934 outsize=4219 kw=DIRECTIONAL SHADOWS_SCREEN SHADOWS_NATIVE UNITY_HDR_ON ok=1
Cmd: compileSnippet
  api=5 type=1 insize=1934 outsize=6 kw=DIRECTIONAL SHADOWS_OFF ok=1
Cmd: compileSnippet
  api=5 type=1 insize=1934 outsize=6 kw=SPOT SHADOWS_DEPTH SHADOWS_NONATIVE ok=1
Cmd: compileSnippet
  api=5 type=1 insize=1934 outsize=6 kw=POINT SHADOWS_CUBE ok=1
Cmd: compileSnippet
  api=5 type=1 insize=1934 outsize=6 kw=POINT SHADOWS_CUBE SHADOWS_SOFT ok=1
Cmd: compileSnippet
  api=5 type=1 insize=1934 outsize=6 kw=POINT SHADOWS_OFF UNITY_HDR_ON ok=1
Cmd: compileSnippet
  api=5 type=1 insize=1934 outsize=6 kw=SPOT SHADOWS_DEPTH UNITY_HDR_ON SHADOWS_NONATIVE ok=1
Cmd: compileSnippet
  api=5 type=1 insize=1934 outsize=6 kw=POINT_COOKIE SHADOWS_CUBE UNITY_HDR_ON ok=1
Cmd: compileSnippet
  api=5 type=1 insize=1934 outsize=6 kw=POINT_COOKIE SHADOWS_CUBE SHADOWS_SOFT UNITY_HDR_ON ok=1
Unhandled exception: Readfile from pipe failed. GLE=The pipe has been ended.


Quitting shader compiler process
