Base path: C:/Program Files/Unity/Editor/Data
Pipe name: \\.\pipe\UnityShaderCompiler-64bit-3-16712
Cmd: getPlatforms
Cmd: compileSnippet
  api=5 type=1 insize=9591 outsize=6 kw=UNITY_COLORSPACE_GAMMA ok=1
Cmd: compileSnippet
  api=5 type=0 insize=886 outsize=7186 kw=DIRECTIONAL SHADOWS_OFF LIGHTMAP_OFF DIRLIGHTMAP_OFF DYNAMICLIGHTMAP_ON ok=1
Cmd: compileSnippet
  api=5 type=0 insize=886 outsize=7186 kw=DIRECTIONAL SHADOWS_OFF LIGHTMAP_OFF DIRLIGHTMAP_OFF DYNAMICLIGHTMAP_ON VERTEXLIGHT_ON ok=1
Cmd: compileSnippet
  api=5 type=0 insize=886 outsize=7806 kw=DIRECTIONAL SHADOWS_SCREEN SHADOWS_NATIVE LIGHTMAP_OFF DIRLIGHTMAP_OFF DYNAMICLIGHTMAP_ON ok=1
Cmd: compileSnippet
  api=5 type=0 insize=886 outsize=7536 kw=DIRECTIONAL SHADOWS_OFF LIGHTMAP_OFF DIRLIGHTMAP_OFF DYNAMICLIGHTMAP_ON FOG_LINEAR ok=1
Cmd: compileSnippet
  api=5 type=0 insize=886 outsize=7536 kw=DIRECTIONAL SHADOWS_OFF LIGHTMAP_OFF DIRLIGHTMAP_OFF DYNAMICLIGHTMAP_ON FOG_LINEAR VERTEXLIGHT_ON ok=1
Cmd: compileSnippet
  api=5 type=0 insize=886 outsize=8156 kw=DIRECTIONAL SHADOWS_SCREEN SHADOWS_NATIVE LIGHTMAP_OFF DIRLIGHTMAP_OFF DYNAMICLIGHTMAP_ON FOG_LINEAR ok=1
Cmd: compileSnippet
  api=5 type=1 insize=886 outsize=6 kw=DIRECTIONAL SHADOWS_OFF LIGHTMAP_OFF DIRLIGHTMAP_OFF DYNAMICLIGHTMAP_OFF ok=1
Cmd: compileSnippet
  api=5 type=1 insize=886 outsize=6 kw=DIRECTIONAL SHADOWS_SCREEN LIGHTMAP_OFF DIRLIGHTMAP_OFF DYNAMICLIGHTMAP_ON ok=1
Cmd: compileSnippet
  api=5 type=1 insize=886 outsize=6 kw=DIRECTIONAL SHADOWS_OFF LIGHTMAP_OFF DIRLIGHTMAP_OFF DYNAMICLIGHTMAP_ON FOG_LINEAR ok=1
Cmd: compileSnippet
  api=5 type=1 insize=886 outsize=6 kw=DIRECTIONAL SHADOWS_SCREEN SHADOWS_NATIVE LIGHTMAP_OFF DIRLIGHTMAP_OFF DYNAMICLIGHTMAP_OFF FOG_LINEAR ok=1
Cmd: compileSnippet
  api=5 type=0 insize=816 outsize=6655 kw=SPOT SHADOWS_OFF ok=1
Cmd: compileSnippet
  api=5 type=0 insize=816 outsize=7478 kw=SPOT SHADOWS_DEPTH SHADOWS_NONATIVE ok=1
Cmd: compileSnippet
  api=5 type=0 insize=816 outsize=6699 kw=DIRECTIONAL_COOKIE SHADOWS_SCREEN ok=1
Cmd: compileSnippet
  api=5 type=0 insize=816 outsize=6766 kw=DIRECTIONAL_COOKIE SHADOWS_SCREEN SHADOWS_NATIVE ok=1
Cmd: compileSnippet
  api=5 type=0 insize=816 outsize=6450 kw=DIRECTIONAL_COOKIE SHADOWS_OFF FOG_LINEAR ok=1
Cmd: compileSnippet
  api=5 type=0 insize=816 outsize=7040 kw=DIRECTIONAL_COOKIE SHADOWS_SCREEN FOG_LINEAR ok=1
Cmd: compileSnippet
  api=5 type=0 insize=816 outsize=7107 kw=DIRECTIONAL_COOKIE SHADOWS_SCREEN SHADOWS_NATIVE FOG_LINEAR ok=1
Cmd: compileSnippet
  api=5 type=1 insize=816 outsize=6 kw=DIRECTIONAL SHADOWS_OFF ok=1
Cmd: compileSnippet
  api=5 type=1 insize=816 outsize=6 kw=DIRECTIONAL_COOKIE SHADOWS_OFF ok=1
Cmd: compileSnippet
  api=5 type=1 insize=816 outsize=6 kw=DIRECTIONAL SHADOWS_SCREEN ok=1
Cmd: compileSnippet
  api=5 type=1 insize=816 outsize=6 kw=POINT_COOKIE SHADOWS_CUBE ok=1
Cmd: compileSnippet
  api=5 type=1 insize=816 outsize=6 kw=POINT SHADOWS_OFF FOG_LINEAR ok=1
Cmd: compileSnippet
  api=5 type=1 insize=816 outsize=6 kw=DIRECTIONAL_COOKIE SHADOWS_OFF FOG_LINEAR ok=1
Cmd: compileSnippet
  api=5 type=1 insize=816 outsize=6 kw=DIRECTIONAL SHADOWS_SCREEN FOG_LINEAR ok=1
Cmd: compileSnippet
  api=5 type=1 insize=816 outsize=6 kw=POINT_COOKIE SHADOWS_CUBE FOG_LINEAR ok=1
Cmd: compileSnippet
  api=5 type=0 insize=2634 outsize=4341 kw=POINT_COOKIE SHADOWS_OFF SUNSHINE_DISABLED ok=1
Cmd: compileSnippet
  api=5 type=0 insize=2634 outsize=5517 kw=SPOT SHADOWS_DEPTH SHADOWS_NATIVE SUNSHINE_DISABLED ok=1
Cmd: compileSnippet
  api=5 type=0 insize=2634 outsize=4569 kw=POINT SHADOWS_CUBE SUNSHINE_DISABLED ok=1
Cmd: compileSnippet
  api=5 type=0 insize=2634 outsize=6311 kw=SPOT SHADOWS_DEPTH SHADOWS_SOFT SHADOWS_NATIVE SUNSHINE_DISABLED ok=1
Cmd: compileSnippet
  api=5 type=0 insize=2634 outsize=9084 kw=DIRECTIONAL_COOKIE SHADOWS_SCREEN SHADOWS_NATIVE SUNSHINE_DISABLED ok=1
Cmd: compileSnippet
  api=5 type=0 insize=2634 outsize=17347 kw=DIRECTIONAL_COOKIE SHADOWS_OFF SUNSHINE_FILTER_PCF_4x4 ok=1
Cmd: compileSnippet
  api=5 type=0 insize=2634 outsize=4569 kw=POINT SHADOWS_CUBE SUNSHINE_FILTER_PCF_4x4 ok=1
Cmd: compileSnippet
  api=5 type=0 insize=2634 outsize=6311 kw=SPOT SHADOWS_DEPTH SHADOWS_SOFT SHADOWS_NATIVE SUNSHINE_FILTER_PCF_4x4 ok=1
Cmd: compileSnippet
  api=5 type=0 insize=2634 outsize=17984 kw=DIRECTIONAL_COOKIE SHADOWS_SCREEN SHADOWS_NATIVE SUNSHINE_FILTER_PCF_4x4 ok=1
Cmd: compileSnippet
  api=5 type=0 insize=2634 outsize=4341 kw=POINT_COOKIE SHADOWS_OFF SUNSHINE_FILTER_PCF_3x3 ok=1
Cmd: compileSnippet
  api=5 type=0 insize=2634 outsize=13954 kw=DIRECTIONAL SHADOWS_SCREEN SUNSHINE_FILTER_PCF_3x3 ok=1
Cmd: compileSnippet
  api=5 type=0 insize=2634 outsize=6539 kw=SPOT SHADOWS_DEPTH SHADOWS_SOFT SHADOWS_NONATIVE SUNSHINE_FILTER_PCF_3x3 ok=1
Cmd: compileSnippet
  api=5 type=0 insize=2634 outsize=14273 kw=DIRECTIONAL_COOKIE SHADOWS_SCREEN SHADOWS_NATIVE SUNSHINE_FILTER_PCF_3x3 ok=1
Cmd: compileSnippet
  api=5 type=0 insize=2634 outsize=5457 kw=SPOT SHADOWS_DEPTH SHADOWS_NONATIVE SUNSHINE_FILTER_PCF_2x2 ok=1
Cmd: compileSnippet
  api=5 type=0 insize=2634 outsize=11089 kw=DIRECTIONAL_COOKIE SHADOWS_SCREEN SUNSHINE_FILTER_PCF_2x2 ok=1
Cmd: compileSnippet
  api=5 type=0 insize=2634 outsize=5799 kw=POINT SHADOWS_CUBE SHADOWS_SOFT SUNSHINE_FILTER_PCF_2x2 ok=1
Cmd: compileSnippet
  api=5 type=0 insize=2634 outsize=4021 kw=POINT SHADOWS_OFF SUNSHINE_FILTER_HARD ok=1
Cmd: compileSnippet
  api=5 type=0 insize=2634 outsize=4396 kw=SPOT SHADOWS_OFF SUNSHINE_FILTER_HARD ok=1
Cmd: compileSnippet
  api=5 type=0 insize=2634 outsize=8774 kw=DIRECTIONAL SHADOWS_SCREEN SUNSHINE_FILTER_HARD ok=1
Cmd: compileSnippet
  api=5 type=0 insize=2634 outsize=6539 kw=SPOT SHADOWS_DEPTH SHADOWS_SOFT SHADOWS_NONATIVE SUNSHINE_FILTER_HARD ok=1
Cmd: compileSnippet
  api=5 type=0 insize=2634 outsize=8774 kw=DIRECTIONAL SHADOWS_SCREEN SHADOWS_NATIVE SUNSHINE_FILTER_HARD ok=1
Cmd: compileSnippet
  api=5 type=0 insize=2634 outsize=4231 kw=POINT_COOKIE SHADOWS_OFF UNITY_HDR_ON SUNSHINE_DISABLED ok=1
Cmd: compileSnippet
  api=5 type=0 insize=2634 outsize=8664 kw=DIRECTIONAL SHADOWS_SCREEN UNITY_HDR_ON SUNSHINE_DISABLED ok=1
Cmd: compileSnippet
  api=5 type=0 insize=2634 outsize=6427 kw=SPOT SHADOWS_DEPTH SHADOWS_SOFT UNITY_HDR_ON SHADOWS_NONATIVE SUNSHINE_DISABLED ok=1
Cmd: compileSnippet
  api=5 type=0 insize=2634 outsize=8664 kw=DIRECTIONAL SHADOWS_SCREEN SHADOWS_NATIVE UNITY_HDR_ON SUNSHINE_DISABLED ok=1
Cmd: compileSnippet
  api=5 type=0 insize=2634 outsize=4286 kw=SPOT SHADOWS_OFF UNITY_HDR_ON SUNSHINE_FILTER_PCF_4x4 ok=1
Cmd: compileSnippet
  api=5 type=0 insize=2634 outsize=5345 kw=SPOT SHADOWS_DEPTH UNITY_HDR_ON SHADOWS_NONATIVE SUNSHINE_FILTER_PCF_4x4 ok=1
Cmd: compileSnippet
  api=5 type=0 insize=2634 outsize=17868 kw=DIRECTIONAL_COOKIE SHADOWS_SCREEN UNITY_HDR_ON SUNSHINE_FILTER_PCF_4x4 ok=1
Cmd: compileSnippet
  api=5 type=0 insize=2634 outsize=6009 kw=POINT_COOKIE SHADOWS_CUBE SHADOWS_SOFT UNITY_HDR_ON SUNSHINE_FILTER_PCF_4x4 ok=1
Cmd: compileSnippet
  api=5 type=0 insize=2634 outsize=13171 kw=DIRECTIONAL SHADOWS_OFF UNITY_HDR_ON SUNSHINE_FILTER_PCF_3x3 ok=1
Cmd: compileSnippet
  api=5 type=0 insize=2634 outsize=5345 kw=SPOT SHADOWS_DEPTH UNITY_HDR_ON SHADOWS_NONATIVE SUNSHINE_FILTER_PCF_3x3 ok=1
Cmd: compileSnippet
  api=5 type=0 insize=2634 outsize=14157 kw=DIRECTIONAL_COOKIE SHADOWS_SCREEN UNITY_HDR_ON SUNSHINE_FILTER_PCF_3x3 ok=1
Cmd: compileSnippet
  api=5 type=0 insize=2634 outsize=5690 kw=POINT SHADOWS_CUBE SHADOWS_SOFT UNITY_HDR_ON SUNSHINE_FILTER_PCF_3x3 ok=1
Cmd: compileSnippet
  api=5 type=0 insize=2634 outsize=3912 kw=POINT SHADOWS_OFF UNITY_HDR_ON SUNSHINE_FILTER_PCF_2x2 ok=1
Cmd: compileSnippet
  api=5 type=0 insize=2634 outsize=4231 kw=POINT_COOKIE SHADOWS_OFF UNITY_HDR_ON SUNSHINE_FILTER_PCF_2x2 ok=1
Cmd: compileSnippet
  api=5 type=0 insize=2634 outsize=10669 kw=DIRECTIONAL SHADOWS_SCREEN UNITY_HDR_ON SUNSHINE_FILTER_PCF_2x2 ok=1
Cmd: compileSnippet
  api=5 type=0 insize=2634 outsize=6427 kw=SPOT SHADOWS_DEPTH SHADOWS_SOFT UNITY_HDR_ON SHADOWS_NONATIVE SUNSHINE_FILTER_PCF_2x2 ok=1
Cmd: compileSnippet
  api=5 type=0 insize=2634 outsize=10669 kw=DIRECTIONAL SHADOWS_SCREEN SHADOWS_NATIVE UNITY_HDR_ON SUNSHINE_FILTER_PCF_2x2 ok=1
Cmd: compileSnippet
  api=5 type=0 insize=2634 outsize=4286 kw=SPOT SHADOWS_OFF UNITY_HDR_ON SUNSHINE_FILTER_HARD ok=1
Cmd: compileSnippet
  api=5 type=0 insize=2634 outsize=5405 kw=SPOT SHADOWS_DEPTH SHADOWS_NATIVE UNITY_HDR_ON SUNSHINE_FILTER_HARD ok=1
Cmd: compileSnippet
  api=5 type=0 insize=2634 outsize=4779 kw=POINT_COOKIE SHADOWS_CUBE UNITY_HDR_ON SUNSHINE_FILTER_HARD ok=1
Cmd: compileSnippet
  api=5 type=0 insize=2634 outsize=6009 kw=POINT_COOKIE SHADOWS_CUBE SHADOWS_SOFT UNITY_HDR_ON SUNSHINE_FILTER_HARD ok=1
Cmd: compileSnippet
  api=5 type=0 insize=1726 outsize=3910 kw=SPOT SHADOWS_OFF SUNSHINE_DISABLED ok=1
Cmd: compileSnippet
  api=5 type=0 insize=1726 outsize=4802 kw=SPOT SHADOWS_DEPTH SHADOWS_NONATIVE SUNSHINE_DISABLED ok=1
Cmd: compileSnippet
  api=5 type=0 insize=1726 outsize=4453 kw=POINT_COOKIE SHADOWS_CUBE SUNSHINE_DISABLED ok=1
Cmd: compileSnippet
  api=5 type=0 insize=1726 outsize=5363 kw=POINT SHADOWS_CUBE SHADOWS_SOFT SUNSHINE_DISABLED ok=1
Cmd: compileSnippet
  api=5 type=0 insize=1726 outsize=3535 kw=POINT SHADOWS_OFF SUNSHINE_FILTER_PCF_4x4 ok=1
Cmd: compileSnippet
  api=5 type=0 insize=1726 outsize=3532 kw=DIRECTIONAL_COOKIE SHADOWS_OFF SUNSHINE_FILTER_PCF_4x4 ok=1
Cmd: compileSnippet
  api=5 type=0 insize=1726 outsize=16966 kw=DIRECTIONAL SHADOWS_SCREEN SUNSHINE_FILTER_PCF_4x4 ok=1
Cmd: compileSnippet
  api=5 type=0 insize=1726 outsize=5363 kw=POINT SHADOWS_CUBE SHADOWS_SOFT SUNSHINE_FILTER_PCF_4x4 ok=1
Cmd: compileSnippet
  api=5 type=0 insize=1726 outsize=3535 kw=POINT SHADOWS_OFF SUNSHINE_FILTER_PCF_3x3 ok=1
Cmd: compileSnippet
  api=5 type=0 insize=1726 outsize=3855 kw=POINT_COOKIE SHADOWS_OFF SUNSHINE_FILTER_PCF_3x3 ok=1
Cmd: compileSnippet
  api=5 type=0 insize=1726 outsize=13255 kw=DIRECTIONAL SHADOWS_SCREEN SUNSHINE_FILTER_PCF_3x3 ok=1
Cmd: compileSnippet
  api=5 type=0 insize=1726 outsize=5652 kw=SPOT SHADOWS_DEPTH SHADOWS_SOFT SHADOWS_NATIVE SUNSHINE_FILTER_PCF_3x3 ok=1
Cmd: compileSnippet
  api=5 type=0 insize=1726 outsize=3979 kw=DIRECTIONAL_COOKIE SHADOWS_SCREEN SHADOWS_NATIVE SUNSHINE_FILTER_PCF_3x3 ok=1
Cmd: compileSnippet
  api=5 type=0 insize=1726 outsize=3910 kw=SPOT SHADOWS_OFF SUNSHINE_FILTER_PCF_2x2 ok=1
Cmd: compileSnippet
  api=5 type=0 insize=1726 outsize=10108 kw=DIRECTIONAL SHADOWS_SCREEN SUNSHINE_FILTER_PCF_2x2 ok=1
Cmd: compileSnippet
  api=5 type=0 insize=1726 outsize=5652 kw=SPOT SHADOWS_DEPTH SHADOWS_SOFT SHADOWS_NATIVE SUNSHINE_FILTER_PCF_2x2 ok=1
Cmd: compileSnippet
  api=5 type=0 insize=1726 outsize=3979 kw=DIRECTIONAL_COOKIE SHADOWS_SCREEN SHADOWS_NATIVE SUNSHINE_FILTER_PCF_2x2 ok=1
Cmd: compileSnippet
  api=5 type=0 insize=1726 outsize=3910 kw=SPOT SHADOWS_OFF SUNSHINE_FILTER_HARD ok=1
Cmd: compileSnippet
  api=5 type=0 insize=1726 outsize=4858 kw=SPOT SHADOWS_DEPTH SHADOWS_NATIVE SUNSHINE_FILTER_HARD ok=1
Cmd: compileSnippet
  api=5 type=0 insize=1726 outsize=4453 kw=POINT_COOKIE SHADOWS_CUBE SUNSHINE_FILTER_HARD ok=1
Cmd: compileSnippet
  api=5 type=0 insize=1726 outsize=5683 kw=POINT_COOKIE SHADOWS_CUBE SHADOWS_SOFT SUNSHINE_FILTER_HARD ok=1
Cmd: compileSnippet
  api=5 type=1 insize=1726 outsize=6 kw=POINT SHADOWS_OFF SUNSHINE_DISABLED ok=1
Cmd: compileSnippet
  api=5 type=1 insize=1726 outsize=6 kw=DIRECTIONAL_COOKIE SHADOWS_OFF SUNSHINE_DISABLED ok=1
Cmd: compileSnippet
  api=5 type=1 insize=1726 outsize=6 kw=DIRECTIONAL_COOKIE SHADOWS_SCREEN SUNSHINE_DISABLED ok=1
Cmd: compileSnippet
  api=5 type=1 insize=1726 outsize=6 kw=SPOT SHADOWS_DEPTH SHADOWS_SOFT SHADOWS_NATIVE SUNSHINE_DISABLED ok=1
Cmd: compileSnippet
  api=5 type=1 insize=1726 outsize=6 kw=DIRECTIONAL_COOKIE SHADOWS_SCREEN SHADOWS_NATIVE SUNSHINE_DISABLED ok=1
Cmd: compileSnippet
  api=5 type=1 insize=1726 outsize=6 kw=POINT_COOKIE SHADOWS_OFF SUNSHINE_FILTER_PCF_4x4 ok=1
Cmd: compileSnippet
  api=5 type=1 insize=1726 outsize=6 kw=DIRECTIONAL SHADOWS_SCREEN SUNSHINE_FILTER_PCF_4x4 ok=1
Cmd: compileSnippet
  api=5 type=1 insize=1726 outsize=6 kw=SPOT SHADOWS_DEPTH SHADOWS_SOFT SHADOWS_NATIVE SUNSHINE_FILTER_PCF_4x4 ok=1
Cmd: compileSnippet
  api=5 type=1 insize=1726 outsize=6 kw=DIRECTIONAL_COOKIE SHADOWS_SCREEN SHADOWS_NATIVE SUNSHINE_FILTER_PCF_4x4 ok=1
Cmd: compileSnippet
  api=5 type=1 insize=1726 outsize=6 kw=POINT_COOKIE SHADOWS_OFF SUNSHINE_FILTER_PCF_3x3 ok=1
Cmd: compileSnippet
  api=5 type=1 insize=1726 outsize=6 kw=DIRECTIONAL SHADOWS_SCREEN SUNSHINE_FILTER_PCF_3x3 ok=1
Cmd: compileSnippet
  api=5 type=1 insize=1726 outsize=6 kw=SPOT SHADOWS_DEPTH SHADOWS_SOFT SHADOWS_NONATIVE SUNSHINE_FILTER_PCF_3x3 ok=1
Cmd: compileSnippet
  api=5 type=1 insize=1726 outsize=6 kw=POINT_COOKIE SHADOWS_CUBE SHADOWS_SOFT SUNSHINE_FILTER_PCF_3x3 ok=1
Cmd: compileSnippet
  api=5 type=1 insize=1726 outsize=6 kw=DIRECTIONAL SHADOWS_OFF SUNSHINE_FILTER_PCF_2x2 ok=1
Cmd: compileSnippet
  api=5 type=1 insize=1726 outsize=6 kw=SPOT SHADOWS_DEPTH SHADOWS_NONATIVE SUNSHINE_FILTER_PCF_2x2 ok=1
Cmd: compileSnippet
  api=5 type=1 insize=1726 outsize=6 kw=POINT SHADOWS_CUBE SUNSHINE_FILTER_PCF_2x2 ok=1
Cmd: compileSnippet
  api=5 type=1 insize=1726 outsize=6 kw=POINT SHADOWS_CUBE SHADOWS_SOFT SUNSHINE_FILTER_PCF_2x2 ok=1
Cmd: compileSnippet
  api=5 type=1 insize=1726 outsize=6 kw=DIRECTIONAL_COOKIE SHADOWS_SCREEN SHADOWS_NATIVE SUNSHINE_FILTER_PCF_2x2 ok=1
Cmd: compileSnippet
  api=5 type=1 insize=1726 outsize=6 kw=DIRECTIONAL_COOKIE SHADOWS_OFF SUNSHINE_FILTER_HARD ok=1
Cmd: compileSnippet
  api=5 type=1 insize=1726 outsize=6 kw=DIRECTIONAL_COOKIE SHADOWS_SCREEN SUNSHINE_FILTER_HARD ok=1
Cmd: compileSnippet
  api=5 type=1 insize=1726 outsize=6 kw=SPOT SHADOWS_DEPTH SHADOWS_SOFT SHADOWS_NONATIVE SUNSHINE_FILTER_HARD ok=1
Cmd: compileSnippet
  api=5 type=1 insize=1726 outsize=6 kw=DIRECTIONAL_COOKIE SHADOWS_SCREEN SHADOWS_NATIVE SUNSHINE_FILTER_HARD ok=1
Cmd: compileSnippet
  api=5 type=0 insize=1719 outsize=3850 kw=SPOT SHADOWS_OFF SUNSHINE_DISABLED ok=1
Cmd: compileSnippet
  api=5 type=0 insize=1719 outsize=3472 kw=DIRECTIONAL_COOKIE SHADOWS_OFF SUNSHINE_DISABLED ok=1
Cmd: compileSnippet
  api=5 type=0 insize=1719 outsize=3919 kw=DIRECTIONAL_COOKIE SHADOWS_SCREEN SUNSHINE_DISABLED ok=1
Cmd: compileSnippet
  api=5 type=0 insize=1719 outsize=5592 kw=SPOT SHADOWS_DEPTH SHADOWS_SOFT SHADOWS_NATIVE SUNSHINE_DISABLED ok=1
Cmd: compileSnippet
  api=5 type=0 insize=1719 outsize=3919 kw=DIRECTIONAL_COOKIE SHADOWS_SCREEN SHADOWS_NATIVE SUNSHINE_DISABLED ok=1
Cmd: compileSnippet
  api=5 type=0 insize=1719 outsize=3795 kw=POINT_COOKIE SHADOWS_OFF SUNSHINE_FILTER_PCF_4x4 ok=1
Cmd: compileSnippet
  api=5 type=0 insize=1719 outsize=4798 kw=SPOT SHADOWS_DEPTH SHADOWS_NATIVE SUNSHINE_FILTER_PCF_4x4 ok=1
Cmd: compileSnippet
  api=5 type=0 insize=1719 outsize=4393 kw=POINT_COOKIE SHADOWS_CUBE SUNSHINE_FILTER_PCF_4x4 ok=1
Cmd: compileSnippet
  api=5 type=0 insize=1719 outsize=5303 kw=POINT SHADOWS_CUBE SHADOWS_SOFT SUNSHINE_FILTER_PCF_4x4 ok=1
Cmd: compileSnippet
  api=5 type=0 insize=1719 outsize=3475 kw=POINT SHADOWS_OFF SUNSHINE_FILTER_PCF_3x3 ok=1
Cmd: compileSnippet
  api=5 type=0 insize=1719 outsize=3795 kw=POINT_COOKIE SHADOWS_OFF SUNSHINE_FILTER_PCF_3x3 ok=1
Cmd: compileSnippet
  api=5 type=0 insize=1719 outsize=13192 kw=DIRECTIONAL SHADOWS_SCREEN SUNSHINE_FILTER_PCF_3x3 ok=1
Cmd: compileSnippet
  api=5 type=0 insize=1719 outsize=5303 kw=POINT SHADOWS_CUBE SHADOWS_SOFT SUNSHINE_FILTER_PCF_3x3 ok=1
Cmd: compileSnippet
  api=5 type=0 insize=1719 outsize=3475 kw=POINT SHADOWS_OFF SUNSHINE_FILTER_PCF_2x2 ok=1
Cmd: compileSnippet
  api=5 type=0 insize=1719 outsize=3472 kw=DIRECTIONAL_COOKIE SHADOWS_OFF SUNSHINE_FILTER_PCF_2x2 ok=1
Cmd: compileSnippet
  api=5 type=0 insize=1719 outsize=10048 kw=DIRECTIONAL SHADOWS_SCREEN SUNSHINE_FILTER_PCF_2x2 ok=1
Cmd: compileSnippet
  api=5 type=0 insize=1719 outsize=5592 kw=SPOT SHADOWS_DEPTH SHADOWS_SOFT SHADOWS_NATIVE SUNSHINE_FILTER_PCF_2x2 ok=1
Cmd: compileSnippet
  api=5 type=0 insize=1719 outsize=3919 kw=DIRECTIONAL_COOKIE SHADOWS_SCREEN SHADOWS_NATIVE SUNSHINE_FILTER_PCF_2x2 ok=1
Cmd: compileSnippet
  api=5 type=0 insize=1719 outsize=3795 kw=POINT_COOKIE SHADOWS_OFF SUNSHINE_FILTER_HARD ok=1
Cmd: compileSnippet
  api=5 type=0 insize=1719 outsize=8043 kw=DIRECTIONAL SHADOWS_SCREEN SUNSHINE_FILTER_HARD ok=1
Cmd: compileSnippet
  api=5 type=0 insize=1719 outsize=5824 kw=SPOT SHADOWS_DEPTH SHADOWS_SOFT SHADOWS_NONATIVE SUNSHINE_FILTER_HARD ok=1
Cmd: compileSnippet
  api=5 type=0 insize=1719 outsize=8043 kw=DIRECTIONAL SHADOWS_SCREEN SHADOWS_NATIVE SUNSHINE_FILTER_HARD ok=1
Cmd: compileSnippet
  api=5 type=1 insize=1719 outsize=6 kw=POINT_COOKIE SHADOWS_OFF SUNSHINE_DISABLED ok=1
Cmd: compileSnippet
  api=5 type=1 insize=1719 outsize=6 kw=SPOT SHADOWS_DEPTH SHADOWS_NATIVE SUNSHINE_DISABLED ok=1
Cmd: compileSnippet
  api=5 type=1 insize=1719 outsize=6 kw=POINT SHADOWS_CUBE SUNSHINE_DISABLED ok=1
Cmd: compileSnippet
  api=5 type=1 insize=1719 outsize=6 kw=POINT SHADOWS_CUBE SHADOWS_SOFT SUNSHINE_DISABLED ok=1
Cmd: compileSnippet
  api=5 type=1 insize=1719 outsize=6 kw=POINT SHADOWS_OFF SUNSHINE_FILTER_PCF_4x4 ok=1
Cmd: compileSnippet
  api=5 type=1 insize=1719 outsize=6 kw=DIRECTIONAL_COOKIE SHADOWS_OFF SUNSHINE_FILTER_PCF_4x4 ok=1
Cmd: compileSnippet
  api=5 type=1 insize=1719 outsize=6 kw=DIRECTIONAL_COOKIE SHADOWS_SCREEN SUNSHINE_FILTER_PCF_4x4 ok=1
Cmd: compileSnippet
  api=5 type=1 insize=1719 outsize=6 kw=SPOT SHADOWS_DEPTH SHADOWS_SOFT SHADOWS_NATIVE SUNSHINE_FILTER_PCF_4x4 ok=1
Cmd: compileSnippet
  api=5 type=1 insize=1719 outsize=6 kw=POINT SHADOWS_OFF SUNSHINE_FILTER_PCF_3x3 ok=1
Cmd: compileSnippet
  api=5 type=1 insize=1719 outsize=6 kw=DIRECTIONAL_COOKIE SHADOWS_OFF SUNSHINE_FILTER_PCF_3x3 ok=1
Cmd: compileSnippet
  api=5 type=1 insize=1719 outsize=6 kw=DIRECTIONAL_COOKIE SHADOWS_SCREEN SUNSHINE_FILTER_PCF_3x3 ok=1
Cmd: compileSnippet
  api=5 type=1 insize=1719 outsize=6 kw=POINT_COOKIE SHADOWS_CUBE SUNSHINE_FILTER_PCF_3x3 ok=1
Cmd: compileSnippet
  api=5 type=1 insize=1719 outsize=6 kw=POINT SHADOWS_CUBE SHADOWS_SOFT SUNSHINE_FILTER_PCF_3x3 ok=1
Cmd: compileSnippet
  api=5 type=1 insize=1719 outsize=6 kw=POINT SHADOWS_OFF SUNSHINE_FILTER_PCF_2x2 ok=1
Cmd: compileSnippet
  api=5 type=1 insize=1719 outsize=6 kw=DIRECTIONAL_COOKIE SHADOWS_OFF SUNSHINE_FILTER_PCF_2x2 ok=1
Cmd: compileSnippet
  api=5 type=1 insize=1719 outsize=6 kw=DIRECTIONAL_COOKIE SHADOWS_SCREEN SUNSHINE_FILTER_PCF_2x2 ok=1
Cmd: compileSnippet
  api=5 type=1 insize=1719 outsize=6 kw=SPOT SHADOWS_DEPTH SHADOWS_SOFT SHADOWS_NATIVE SUNSHINE_FILTER_PCF_2x2 ok=1
Cmd: compileSnippet
  api=5 type=1 insize=1719 outsize=6 kw=DIRECTIONAL_COOKIE SHADOWS_SCREEN SHADOWS_NATIVE SUNSHINE_FILTER_PCF_2x2 ok=1
Cmd: compileSnippet
  api=5 type=1 insize=1719 outsize=6 kw=POINT_COOKIE SHADOWS_OFF SUNSHINE_FILTER_HARD ok=1
Cmd: compileSnippet
  api=5 type=1 insize=1719 outsize=6 kw=DIRECTIONAL SHADOWS_SCREEN SUNSHINE_FILTER_HARD ok=1
Cmd: compileSnippet
  api=5 type=1 insize=1719 outsize=6 kw=SPOT SHADOWS_DEPTH SHADOWS_SOFT SHADOWS_NONATIVE SUNSHINE_FILTER_HARD ok=1
Cmd: compileSnippet
  api=5 type=1 insize=1719 outsize=6 kw=DIRECTIONAL SHADOWS_SCREEN SHADOWS_NATIVE SUNSHINE_FILTER_HARD ok=1
Cmd: compileSnippet
  api=5 type=0 insize=1724 outsize=3800 kw=POINT_COOKIE SHADOWS_OFF SUNSHINE_DISABLED ok=1
Cmd: compileSnippet
  api=5 type=0 insize=1724 outsize=4803 kw=SPOT SHADOWS_DEPTH SHADOWS_NATIVE SUNSHINE_DISABLED ok=1
Cmd: compileSnippet
  api=5 type=0 insize=1724 outsize=4398 kw=POINT_COOKIE SHADOWS_CUBE SUNSHINE_DISABLED ok=1
Cmd: compileSnippet
  api=5 type=0 insize=1724 outsize=5628 kw=POINT_COOKIE SHADOWS_CUBE SHADOWS_SOFT SUNSHINE_DISABLED ok=1
Cmd: compileSnippet
  api=5 type=0 insize=1724 outsize=3480 kw=POINT SHADOWS_OFF SUNSHINE_FILTER_PCF_4x4 ok=1
Cmd: compileSnippet
  api=5 type=0 insize=1724 outsize=3477 kw=DIRECTIONAL_COOKIE SHADOWS_OFF SUNSHINE_FILTER_PCF_4x4 ok=1
Cmd: compileSnippet
  api=5 type=0 insize=1724 outsize=3924 kw=DIRECTIONAL_COOKIE SHADOWS_SCREEN SUNSHINE_FILTER_PCF_4x4 ok=1
Cmd: compileSnippet
  api=5 type=0 insize=1724 outsize=5829 kw=SPOT SHADOWS_DEPTH SHADOWS_SOFT SHADOWS_NONATIVE SUNSHINE_FILTER_PCF_4x4 ok=1
Cmd: compileSnippet
  api=5 type=0 insize=1724 outsize=16908 kw=DIRECTIONAL SHADOWS_SCREEN SHADOWS_NATIVE SUNSHINE_FILTER_PCF_4x4 ok=1
Cmd: compileSnippet
  api=5 type=0 insize=1724 outsize=3477 kw=DIRECTIONAL_COOKIE SHADOWS_OFF SUNSHINE_FILTER_PCF_3x3 ok=1
Cmd: compileSnippet
  api=5 type=0 insize=1724 outsize=3924 kw=DIRECTIONAL_COOKIE SHADOWS_SCREEN SUNSHINE_FILTER_PCF_3x3 ok=1
Cmd: compileSnippet
  api=5 type=0 insize=1724 outsize=5829 kw=SPOT SHADOWS_DEPTH SHADOWS_SOFT SHADOWS_NONATIVE SUNSHINE_FILTER_PCF_3x3 ok=1
Cmd: compileSnippet
  api=5 type=0 insize=1724 outsize=13197 kw=DIRECTIONAL SHADOWS_SCREEN SHADOWS_NATIVE SUNSHINE_FILTER_PCF_3x3 ok=1
Cmd: compileSnippet
  api=5 type=0 insize=1724 outsize=3477 kw=DIRECTIONAL_COOKIE SHADOWS_OFF SUNSHINE_FILTER_PCF_2x2 ok=1
Cmd: compileSnippet
  api=5 type=0 insize=1724 outsize=3924 kw=DIRECTIONAL_COOKIE SHADOWS_SCREEN SUNSHINE_FILTER_PCF_2x2 ok=1
Cmd: compileSnippet
  api=5 type=0 insize=1724 outsize=5829 kw=SPOT SHADOWS_DEPTH SHADOWS_SOFT SHADOWS_NONATIVE SUNSHINE_FILTER_PCF_2x2 ok=1
Cmd: compileSnippet
  api=5 type=0 insize=1724 outsize=10053 kw=DIRECTIONAL SHADOWS_SCREEN SHADOWS_NATIVE SUNSHINE_FILTER_PCF_2x2 ok=1
Cmd: compileSnippet
  api=5 type=0 insize=1724 outsize=3800 kw=POINT_COOKIE SHADOWS_OFF SUNSHINE_FILTER_HARD ok=1
Cmd: compileSnippet
  api=5 type=0 insize=1724 outsize=8048 kw=DIRECTIONAL SHADOWS_SCREEN SUNSHINE_FILTER_HARD ok=1
Cmd: compileSnippet
  api=5 type=0 insize=1724 outsize=5829 kw=SPOT SHADOWS_DEPTH SHADOWS_SOFT SHADOWS_NONATIVE SUNSHINE_FILTER_HARD ok=1
Cmd: compileSnippet
  api=5 type=0 insize=1724 outsize=8048 kw=DIRECTIONAL SHADOWS_SCREEN SHADOWS_NATIVE SUNSHINE_FILTER_HARD ok=1
Cmd: compileSnippet
  api=5 type=1 insize=1724 outsize=6 kw=POINT_COOKIE SHADOWS_OFF SUNSHINE_DISABLED ok=1
Cmd: compileSnippet
  api=5 type=1 insize=1724 outsize=6 kw=SPOT SHADOWS_DEPTH SHADOWS_NATIVE SUNSHINE_DISABLED ok=1
Cmd: compileSnippet
  api=5 type=1 insize=1724 outsize=6 kw=POINT_COOKIE SHADOWS_CUBE SUNSHINE_DISABLED ok=1
Cmd: compileSnippet
  api=5 type=1 insize=1724 outsize=6 kw=POINT_COOKIE SHADOWS_CUBE SHADOWS_SOFT SUNSHINE_DISABLED ok=1
Cmd: compileSnippet
  api=5 type=1 insize=1724 outsize=6 kw=DIRECTIONAL SHADOWS_OFF SUNSHINE_FILTER_PCF_4x4 ok=1
Cmd: compileSnippet
  api=5 type=1 insize=1724 outsize=6 kw=SPOT SHADOWS_DEPTH SHADOWS_NONATIVE SUNSHINE_FILTER_PCF_4x4 ok=1
Cmd: compileSnippet
  api=5 type=1 insize=1724 outsize=6 kw=DIRECTIONAL_COOKIE SHADOWS_SCREEN SUNSHINE_FILTER_PCF_4x4 ok=1
Cmd: compileSnippet
  api=5 type=1 insize=1724 outsize=6 kw=SPOT SHADOWS_DEPTH SHADOWS_SOFT SHADOWS_NATIVE SUNSHINE_FILTER_PCF_4x4 ok=1
Cmd: compileSnippet
  api=5 type=1 insize=1724 outsize=6 kw=DIRECTIONAL_COOKIE SHADOWS_SCREEN SHADOWS_NATIVE SUNSHINE_FILTER_PCF_4x4 ok=1
Cmd: compileSnippet
  api=5 type=1 insize=1724 outsize=6 kw=POINT_COOKIE SHADOWS_OFF SUNSHINE_FILTER_PCF_3x3 ok=1
Cmd: compileSnippet
  api=5 type=1 insize=1724 outsize=6 kw=DIRECTIONAL SHADOWS_SCREEN SUNSHINE_FILTER_PCF_3x3 ok=1
Cmd: compileSnippet
  api=5 type=1 insize=1724 outsize=6 kw=SPOT SHADOWS_DEPTH SHADOWS_SOFT SHADOWS_NONATIVE SUNSHINE_FILTER_PCF_3x3 ok=1
Cmd: compileSnippet
  api=5 type=1 insize=1724 outsize=6 kw=DIRECTIONAL SHADOWS_SCREEN SHADOWS_NATIVE SUNSHINE_FILTER_PCF_3x3 ok=1
Cmd: compileSnippet
  api=5 type=1 insize=1724 outsize=6 kw=SPOT SHADOWS_OFF SUNSHINE_FILTER_PCF_2x2 ok=1
Cmd: compileSnippet
  api=5 type=1 insize=1724 outsize=6 kw=SPOT SHADOWS_DEPTH SHADOWS_NATIVE SUNSHINE_FILTER_PCF_2x2 ok=1
Cmd: compileSnippet
  api=5 type=1 insize=1724 outsize=6 kw=POINT_COOKIE SHADOWS_CUBE SUNSHINE_FILTER_PCF_2x2 ok=1
Cmd: compileSnippet
  api=5 type=1 insize=1724 outsize=6 kw=DIRECTIONAL SHADOWS_SCREEN SHADOWS_NATIVE SUNSHINE_FILTER_PCF_2x2 ok=1
Cmd: compileSnippet
  api=5 type=1 insize=1724 outsize=6 kw=SPOT SHADOWS_OFF SUNSHINE_FILTER_HARD ok=1
Cmd: compileSnippet
  api=5 type=1 insize=1724 outsize=6 kw=SPOT SHADOWS_DEPTH SHADOWS_NATIVE SUNSHINE_FILTER_HARD ok=1
Cmd: compileSnippet
  api=5 type=1 insize=1724 outsize=6 kw=POINT SHADOWS_CUBE SUNSHINE_FILTER_HARD ok=1
Cmd: compileSnippet
  api=5 type=1 insize=1724 outsize=6 kw=SPOT SHADOWS_DEPTH SHADOWS_SOFT SHADOWS_NATIVE SUNSHINE_FILTER_HARD ok=1
Cmd: compileSnippet
  api=5 type=1 insize=1724 outsize=6 kw=DIRECTIONAL_COOKIE SHADOWS_SCREEN SHADOWS_NATIVE SUNSHINE_FILTER_HARD ok=1
Cmd: compileSnippet
  api=5 type=1 insize=541 outsize=6 kw=SHADOWS_CUBE ok=1
Cmd: compileSnippet
  api=5 type=0 insize=6810 outsize=2918 kw=DIRECTIONAL SHADOWS_OFF LIGHTMAP_OFF DIRLIGHTMAP_OFF DYNAMICLIGHTMAP_ON ok=1
Cmd: compileSnippet
  api=5 type=0 insize=6810 outsize=2918 kw=DIRECTIONAL SHADOWS_OFF LIGHTMAP_OFF DIRLIGHTMAP_OFF DYNAMICLIGHTMAP_ON VERTEXLIGHT_ON ok=1
Cmd: compileSnippet
  api=5 type=0 insize=6810 outsize=3639 kw=DIRECTIONAL SHADOWS_SCREEN SHADOWS_NATIVE LIGHTMAP_OFF DIRLIGHTMAP_OFF DYNAMICLIGHTMAP_ON ok=1
Cmd: compileSnippet
  api=5 type=0 insize=6810 outsize=3534 kw=DIRECTIONAL SHADOWS_OFF LIGHTMAP_OFF DIRLIGHTMAP_OFF DYNAMICLIGHTMAP_OFF FOG_LINEAR ok=1
Cmd: compileSnippet
  api=5 type=0 insize=6810 outsize=5300 kw=DIRECTIONAL SHADOWS_OFF LIGHTMAP_OFF DIRLIGHTMAP_OFF DYNAMICLIGHTMAP_OFF FOG_LINEAR VERTEXLIGHT_ON ok=1
Cmd: compileSnippet
  api=5 type=0 insize=6810 outsize=4272 kw=DIRECTIONAL SHADOWS_SCREEN SHADOWS_NATIVE LIGHTMAP_OFF DIRLIGHTMAP_OFF DYNAMICLIGHTMAP_OFF FOG_LINEAR ok=1
Cmd: compileSnippet
  api=5 type=1 insize=6810 outsize=6 kw=DIRECTIONAL SHADOWS_SCREEN LIGHTMAP_OFF DIRLIGHTMAP_OFF DYNAMICLIGHTMAP_OFF ok=1
Cmd: compileSnippet
  api=5 type=1 insize=6810 outsize=6 kw=DIRECTIONAL SHADOWS_OFF LIGHTMAP_OFF DIRLIGHTMAP_OFF DYNAMICLIGHTMAP_OFF FOG_LINEAR ok=1
Cmd: compileSnippet
  api=5 type=1 insize=6810 outsize=6 kw=DIRECTIONAL SHADOWS_SCREEN LIGHTMAP_OFF DIRLIGHTMAP_OFF DYNAMICLIGHTMAP_ON FOG_LINEAR ok=1
Cmd: compileSnippet
  api=5 type=0 insize=3647 outsize=2219 kw=DIRECTIONAL ok=1
Cmd: compileSnippet
  api=5 type=0 insize=3647 outsize=3411 kw=SPOT FOG_LINEAR ok=1
Cmd: compileSnippet
  api=5 type=1 insize=3647 outsize=6 kw=SPOT ok=1
Cmd: compileSnippet
  api=5 type=1 insize=3647 outsize=6 kw=DIRECTIONAL FOG_LINEAR ok=1
Cmd: compileSnippet
  api=5 type=0 insize=5995 outsize=3822 kw=LIGHTMAP_OFF DIRLIGHTMAP_OFF DYNAMICLIGHTMAP_ON HDR_LIGHT_PREPASS_OFF ok=1
Cmd: compileSnippet
  api=5 type=0 insize=5995 outsize=3706 kw=LIGHTMAP_OFF DIRLIGHTMAP_OFF DYNAMICLIGHTMAP_OFF FOG_LINEAR UNITY_HDR_ON ok=1
Cmd: compileSnippet
  api=5 type=1 insize=5995 outsize=6 kw=LIGHTMAP_OFF DIRLIGHTMAP_OFF DYNAMICLIGHTMAP_OFF UNITY_HDR_ON ok=1
Cmd: compileSnippet
  api=5 type=1 insize=5995 outsize=6 kw=LIGHTMAP_OFF DIRLIGHTMAP_OFF DYNAMICLIGHTMAP_OFF FOG_LINEAR UNITY_HDR_ON ok=1
Cmd: compileSnippet
  api=5 type=0 insize=5928 outsize=3522 kw=LIGHTMAP_OFF DIRLIGHTMAP_OFF DYNAMICLIGHTMAP_OFF HDR_LIGHT_PREPASS_OFF ok=1
Cmd: compileSnippet
  api=5 type=1 insize=5928 outsize=6 kw=LIGHTMAP_OFF DIRLIGHTMAP_OFF DYNAMICLIGHTMAP_ON UNITY_HDR_ON ok=1
Cmd: compileSnippet
  api=5 type=0 insize=1275 outsize=3183 kw=DIRECTIONAL SHADOWS_OFF ok=1
Cmd: compileSnippet
  api=5 type=0 insize=1275 outsize=3532 kw=DIRECTIONAL_COOKIE SHADOWS_OFF ok=1
Cmd: compileSnippet
  api=5 type=0 insize=1275 outsize=3979 kw=DIRECTIONAL_COOKIE SHADOWS_SCREEN ok=1
Cmd: compileSnippet
  api=5 type=0 insize=1275 outsize=5652 kw=SPOT SHADOWS_DEPTH SHADOWS_SOFT SHADOWS_NATIVE ok=1
Cmd: compileSnippet
  api=5 type=1 insize=1275 outsize=6 kw=SPOT SHADOWS_OFF ok=1
Cmd: compileSnippet
  api=5 type=1 insize=1275 outsize=6 kw=SPOT SHADOWS_DEPTH SHADOWS_NATIVE ok=1
Cmd: compileSnippet
  api=5 type=1 insize=1275 outsize=6 kw=SPOT SHADOWS_DEPTH SHADOWS_SOFT SHADOWS_NONATIVE ok=1
Cmd: compileSnippet
  api=5 type=1 insize=1275 outsize=6 kw=DIRECTIONAL SHADOWS_SCREEN SHADOWS_NATIVE ok=1
Cmd: compileSnippet
  api=5 type=0 insize=1268 outsize=3123 kw=DIRECTIONAL SHADOWS_OFF ok=1
Cmd: compileSnippet
  api=5 type=0 insize=1268 outsize=4798 kw=SPOT SHADOWS_DEPTH SHADOWS_NATIVE ok=1
Cmd: compileSnippet
  api=5 type=0 insize=1268 outsize=4393 kw=POINT_COOKIE SHADOWS_CUBE ok=1
Cmd: compileSnippet
  api=5 type=0 insize=1268 outsize=5623 kw=POINT_COOKIE SHADOWS_CUBE SHADOWS_SOFT ok=1
Cmd: compileSnippet
  api=5 type=1 insize=1268 outsize=6 kw=POINT_COOKIE SHADOWS_OFF ok=1
Cmd: compileSnippet
  api=5 type=1 insize=1268 outsize=6 kw=SPOT SHADOWS_DEPTH SHADOWS_NATIVE ok=1
Cmd: compileSnippet
  api=5 type=1 insize=1268 outsize=6 kw=POINT SHADOWS_CUBE ok=1
Cmd: compileSnippet
  api=5 type=1 insize=1268 outsize=6 kw=POINT SHADOWS_CUBE SHADOWS_SOFT ok=1
Cmd: compileSnippet
  api=5 type=0 insize=1273 outsize=3855 kw=SPOT SHADOWS_OFF ok=1
Cmd: compileSnippet
  api=5 type=0 insize=1273 outsize=3614 kw=DIRECTIONAL SHADOWS_SCREEN ok=1
Cmd: compileSnippet
  api=5 type=0 insize=1273 outsize=4078 kw=POINT SHADOWS_CUBE ok=1
Cmd: compileSnippet
  api=5 type=0 insize=1273 outsize=5308 kw=POINT SHADOWS_CUBE SHADOWS_SOFT ok=1
Cmd: compileSnippet
  api=5 type=1 insize=1273 outsize=6 kw=SPOT SHADOWS_OFF ok=1
Cmd: compileSnippet
  api=5 type=1 insize=1273 outsize=6 kw=DIRECTIONAL SHADOWS_SCREEN ok=1
Cmd: compileSnippet
  api=5 type=1 insize=1273 outsize=6 kw=SPOT SHADOWS_DEPTH SHADOWS_SOFT SHADOWS_NONATIVE ok=1
Cmd: compileSnippet
  api=5 type=1 insize=1273 outsize=6 kw=POINT_COOKIE SHADOWS_CUBE SHADOWS_SOFT ok=1
Cmd: compileSnippet
  api=5 type=0 insize=1934 outsize=4396 kw=SPOT SHADOWS_OFF ok=1
Cmd: compileSnippet
  api=5 type=0 insize=1934 outsize=5457 kw=SPOT SHADOWS_DEPTH SHADOWS_NONATIVE ok=1
Cmd: compileSnippet
  api=5 type=0 insize=1934 outsize=4569 kw=POINT SHADOWS_CUBE ok=1
Cmd: compileSnippet
  api=5 type=0 insize=1934 outsize=5799 kw=POINT SHADOWS_CUBE SHADOWS_SOFT ok=1
Cmd: compileSnippet
  api=5 type=0 insize=1934 outsize=3525 kw=DIRECTIONAL SHADOWS_OFF UNITY_HDR_ON ok=1
Cmd: compileSnippet
  api=5 type=0 insize=1934 outsize=3909 kw=DIRECTIONAL_COOKIE SHADOWS_OFF UNITY_HDR_ON ok=1
Cmd: compileSnippet
  api=5 type=0 insize=1934 outsize=4528 kw=DIRECTIONAL_COOKIE SHADOWS_SCREEN UNITY_HDR_ON ok=1
Cmd: compileSnippet
  api=5 type=0 insize=1934 outsize=5690 kw=POINT SHADOWS_CUBE SHADOWS_SOFT UNITY_HDR_ON ok=1
Cmd: compileSnippet
  api=5 type=1 insize=1934 outsize=6 kw=SPOT SHADOWS_OFF ok=1
Cmd: compileSnippet
  api=5 type=1 insize=1934 outsize=6 kw=SPOT SHADOWS_DEPTH SHADOWS_NATIVE ok=1
Cmd: compileSnippet
  api=5 type=1 insize=1934 outsize=6 kw=POINT_COOKIE SHADOWS_CUBE ok=1
Cmd: compileSnippet
  api=5 type=1 insize=1934 outsize=6 kw=POINT_COOKIE SHADOWS_CUBE SHADOWS_SOFT ok=1
Cmd: compileSnippet
  api=5 type=1 insize=1934 outsize=6 kw=DIRECTIONAL SHADOWS_OFF UNITY_HDR_ON ok=1
Cmd: compileSnippet
  api=5 type=1 insize=1934 outsize=6 kw=DIRECTIONAL_COOKIE SHADOWS_OFF UNITY_HDR_ON ok=1
Cmd: compileSnippet
  api=5 type=1 insize=1934 outsize=6 kw=DIRECTIONAL_COOKIE SHADOWS_SCREEN UNITY_HDR_ON ok=1
Cmd: compileSnippet
  api=5 type=1 insize=1934 outsize=6 kw=SPOT SHADOWS_DEPTH SHADOWS_SOFT SHADOWS_NATIVE UNITY_HDR_ON ok=1
Cmd: compileSnippet
  api=5 type=1 insize=1934 outsize=6 kw=DIRECTIONAL_COOKIE SHADOWS_SCREEN SHADOWS_NATIVE UNITY_HDR_ON ok=1
Unhandled exception: Readfile from pipe failed. GLE=The pipe has been ended.


Quitting shader compiler process
